0 info it worked if it ends with ok
1 verbose cli [ 'D:\\nodejs\\node.exe',
1 verbose cli   'D:\\nodejs\\node_modules\\npm\\bin\\npm-cli.js',
1 verbose cli   'install',
1 verbose cli   'msgpack' ]
2 info using npm@3.3.12
3 info using node@v5.1.1
4 silly loadCurrentTree Starting
5 silly install loadCurrentTree
6 silly install readLocalPackageData
7 silly fetchPackageMetaData msgpack
8 silly fetchNamedPackageData msgpack
9 silly mapToRegistry name msgpack
10 silly mapToRegistry using default registry
11 silly mapToRegistry registry https://registry.npmjs.org/
12 silly mapToRegistry uri https://registry.npmjs.org/msgpack
13 verbose request uri https://registry.npmjs.org/msgpack
14 verbose request no auth needed
15 info attempt registry request try #1 at 16:57:50
16 verbose request id abd2020943bec6c3
17 http request GET https://registry.npmjs.org/msgpack
18 http 200 https://registry.npmjs.org/msgpack
19 verbose headers { server: 'CouchDB/1.5.0 (Erlang OTP/R16B03)',
19 verbose headers   etag: '"1FYBETVX52LQ3EIN89Y4KR29K"',
19 verbose headers   'content-type': 'application/json',
19 verbose headers   'cache-control': 'max-age=60',
19 verbose headers   'content-length': '41342',
19 verbose headers   'accept-ranges': 'bytes',
19 verbose headers   date: 'Mon, 07 Dec 2015 09:00:20 GMT',
19 verbose headers   via: '1.1 varnish',
19 verbose headers   age: '18',
19 verbose headers   connection: 'keep-alive',
19 verbose headers   'x-served-by': 'cache-hkg6824-HKG',
19 verbose headers   'x-cache': 'HIT',
19 verbose headers   'x-cache-hits': '2',
19 verbose headers   'x-timer': 'S1449478820.696053,VS0,VE0',
19 verbose headers   vary: 'Accept' }
20 silly get cb [ 200,
20 silly get   { server: 'CouchDB/1.5.0 (Erlang OTP/R16B03)',
20 silly get     etag: '"1FYBETVX52LQ3EIN89Y4KR29K"',
20 silly get     'content-type': 'application/json',
20 silly get     'cache-control': 'max-age=60',
20 silly get     'content-length': '41342',
20 silly get     'accept-ranges': 'bytes',
20 silly get     date: 'Mon, 07 Dec 2015 09:00:20 GMT',
20 silly get     via: '1.1 varnish',
20 silly get     age: '18',
20 silly get     connection: 'keep-alive',
20 silly get     'x-served-by': 'cache-hkg6824-HKG',
20 silly get     'x-cache': 'HIT',
20 silly get     'x-cache-hits': '2',
20 silly get     'x-timer': 'S1449478820.696053,VS0,VE0',
20 silly get     vary: 'Accept' } ]
21 verbose get saving msgpack to C:\Users\Administrator\AppData\Roaming\npm-cache\registry.npmjs.org\msgpack\.cache.json
22 silly install normalizeTree
23 silly loadCurrentTree Finishing
24 silly loadIdealTree Starting
25 silly install loadIdealTree
26 silly cloneCurrentTree Starting
27 silly install cloneCurrentTreeToIdealTree
28 silly cloneCurrentTree Finishing
29 silly loadShrinkwrap Starting
30 silly install loadShrinkwrap
31 silly loadShrinkwrap Finishing
32 silly loadAllDepsIntoIdealTree Starting
33 silly install loadAllDepsIntoIdealTree
34 silly resolveWithNewModule msgpack@1.0.2 checking installable status
35 silly cache add args [ 'msgpack', null ]
36 verbose cache add spec msgpack
37 silly cache add parsed spec Result {
37 silly cache add   raw: 'msgpack',
37 silly cache add   scope: null,
37 silly cache add   name: 'msgpack',
37 silly cache add   rawSpec: '',
37 silly cache add   spec: '*',
37 silly cache add   type: 'range' }
38 silly addNamed msgpack@*
39 verbose addNamed "*" is a valid semver range for msgpack
40 silly addNameRange { name: 'msgpack', range: '*', hasData: false }
41 silly mapToRegistry name msgpack
42 silly mapToRegistry using default registry
43 silly mapToRegistry registry https://registry.npmjs.org/
44 silly mapToRegistry uri https://registry.npmjs.org/msgpack
45 verbose addNameRange registry:https://registry.npmjs.org/msgpack not in flight; fetching
46 verbose get https://registry.npmjs.org/msgpack not expired, no request
47 silly addNameRange number 2 { name: 'msgpack', range: '*', hasData: true }
48 silly addNameRange versions [ 'msgpack',
48 silly addNameRange   [ '0.1.2',
48 silly addNameRange     '0.1.3',
48 silly addNameRange     '0.1.5',
48 silly addNameRange     '0.1.6',
48 silly addNameRange     '0.1.7',
48 silly addNameRange     '0.1.8',
48 silly addNameRange     '0.1.9',
48 silly addNameRange     '0.1.10',
48 silly addNameRange     '0.1.11',
48 silly addNameRange     '0.2.0',
48 silly addNameRange     '0.2.1',
48 silly addNameRange     '0.2.2',
48 silly addNameRange     '0.2.3',
48 silly addNameRange     '0.2.4',
48 silly addNameRange     '0.2.5',
48 silly addNameRange     '0.2.6',
48 silly addNameRange     '0.2.7',
48 silly addNameRange     '1.0.0',
48 silly addNameRange     '1.0.1',
48 silly addNameRange     '1.0.2' ] ]
49 silly addNamed msgpack@1.0.2
50 verbose addNamed "1.0.2" is a plain semver version for msgpack
51 silly mapToRegistry name msgpack
52 silly mapToRegistry using default registry
53 silly mapToRegistry registry https://registry.npmjs.org/
54 silly mapToRegistry uri https://registry.npmjs.org/msgpack
55 verbose addRemoteTarball https://registry.npmjs.org/msgpack/-/msgpack-1.0.2.tgz not in flight; adding
56 verbose addRemoteTarball [ 'https://registry.npmjs.org/msgpack/-/msgpack-1.0.2.tgz',
56 verbose addRemoteTarball   '923e2c5cffa65c8418e9b228d1124793969c429c' ]
57 info retry fetch attempt 1 at 16:57:53
58 info attempt registry request try #1 at 16:57:53
59 http fetch GET https://registry.npmjs.org/msgpack/-/msgpack-1.0.2.tgz
60 http fetch 200 https://registry.npmjs.org/msgpack/-/msgpack-1.0.2.tgz
61 silly fetchAndShaCheck shasum 923e2c5cffa65c8418e9b228d1124793969c429c
62 verbose addTmpTarball C:\Users\ADMINI~1\AppData\Local\Temp\npm-4596-a8b95b1b\registry.npmjs.org\msgpack\-\msgpack-1.0.2.tgz not in flight; adding
63 verbose addTmpTarball already have metadata; skipping unpack for msgpack@1.0.2
64 silly cache afterAdd msgpack@1.0.2
65 verbose afterAdd C:\Users\Administrator\AppData\Roaming\npm-cache\msgpack\1.0.2\package\package.json not in flight; writing
66 verbose afterAdd C:\Users\Administrator\AppData\Roaming\npm-cache\msgpack\1.0.2\package\package.json written
67 silly fetchNamedPackageData nan
68 silly mapToRegistry name nan
69 silly mapToRegistry using default registry
70 silly mapToRegistry registry https://registry.npmjs.org/
71 silly mapToRegistry uri https://registry.npmjs.org/nan
72 verbose request uri https://registry.npmjs.org/nan
73 verbose request no auth needed
74 info attempt registry request try #1 at 16:57:54
75 verbose etag "7CEDVJA24M9BXRU7SU6WRSW4M"
76 http request GET https://registry.npmjs.org/nan
77 http 304 https://registry.npmjs.org/nan
78 verbose headers { date: 'Mon, 07 Dec 2015 09:00:28 GMT',
78 verbose headers   via: '1.1 varnish',
78 verbose headers   'cache-control': 'max-age=60',
78 verbose headers   etag: '"7CEDVJA24M9BXRU7SU6WRSW4M"',
78 verbose headers   age: '58',
78 verbose headers   connection: 'keep-alive',
78 verbose headers   'x-served-by': 'cache-hkg6825-HKG',
78 verbose headers   'x-cache': 'HIT',
78 verbose headers   'x-cache-hits': '3',
78 verbose headers   'x-timer': 'S1449478828.800958,VS0,VE0',
78 verbose headers   vary: 'Accept' }
79 silly get cb [ 304,
79 silly get   { date: 'Mon, 07 Dec 2015 09:00:28 GMT',
79 silly get     via: '1.1 varnish',
79 silly get     'cache-control': 'max-age=60',
79 silly get     etag: '"7CEDVJA24M9BXRU7SU6WRSW4M"',
79 silly get     age: '58',
79 silly get     connection: 'keep-alive',
79 silly get     'x-served-by': 'cache-hkg6825-HKG',
79 silly get     'x-cache': 'HIT',
79 silly get     'x-cache-hits': '3',
79 silly get     'x-timer': 'S1449478828.800958,VS0,VE0',
79 silly get     vary: 'Accept' } ]
80 verbose etag https://registry.npmjs.org/nan from cache
81 verbose get saving nan to C:\Users\Administrator\AppData\Roaming\npm-cache\registry.npmjs.org\nan\.cache.json
82 silly resolveWithNewModule nan@2.1.0 checking installable status
83 silly cache add args [ 'nan@^2.0.9', null ]
84 verbose cache add spec nan@^2.0.9
85 silly cache add parsed spec Result {
85 silly cache add   raw: 'nan@^2.0.9',
85 silly cache add   scope: null,
85 silly cache add   name: 'nan',
85 silly cache add   rawSpec: '^2.0.9',
85 silly cache add   spec: '>=2.0.9 <3.0.0',
85 silly cache add   type: 'range' }
86 silly addNamed nan@>=2.0.9 <3.0.0
87 verbose addNamed ">=2.0.9 <3.0.0" is a valid semver range for nan
88 silly addNameRange { name: 'nan', range: '>=2.0.9 <3.0.0', hasData: false }
89 silly mapToRegistry name nan
90 silly mapToRegistry using default registry
91 silly mapToRegistry registry https://registry.npmjs.org/
92 silly mapToRegistry uri https://registry.npmjs.org/nan
93 verbose addNameRange registry:https://registry.npmjs.org/nan not in flight; fetching
94 verbose get https://registry.npmjs.org/nan not expired, no request
95 silly addNameRange number 2 { name: 'nan', range: '>=2.0.9 <3.0.0', hasData: true }
96 silly addNameRange versions [ 'nan',
96 silly addNameRange   [ '0.3.0-wip',
96 silly addNameRange     '0.3.0-wip2',
96 silly addNameRange     '0.3.0',
96 silly addNameRange     '0.3.1',
96 silly addNameRange     '0.3.2',
96 silly addNameRange     '0.4.0',
96 silly addNameRange     '0.4.1',
96 silly addNameRange     '0.4.2',
96 silly addNameRange     '0.4.3',
96 silly addNameRange     '0.4.4',
96 silly addNameRange     '0.5.0',
96 silly addNameRange     '0.5.1',
96 silly addNameRange     '0.5.2',
96 silly addNameRange     '0.6.0',
96 silly addNameRange     '0.7.0',
96 silly addNameRange     '0.7.1',
96 silly addNameRange     '0.8.0',
96 silly addNameRange     '1.0.0',
96 silly addNameRange     '1.1.0',
96 silly addNameRange     '1.1.1',
96 silly addNameRange     '1.1.2',
96 silly addNameRange     '1.2.0',
96 silly addNameRange     '1.3.0',
96 silly addNameRange     '1.4.0',
96 silly addNameRange     '1.4.1',
96 silly addNameRange     '1.5.0',
96 silly addNameRange     '1.4.2',
96 silly addNameRange     '1.4.3',
96 silly addNameRange     '1.5.1',
96 silly addNameRange     '1.5.2',
96 silly addNameRange     '1.6.0',
96 silly addNameRange     '1.5.3',
96 silly addNameRange     '1.6.1',
96 silly addNameRange     '1.6.2',
96 silly addNameRange     '1.7.0',
96 silly addNameRange     '1.8.0',
96 silly addNameRange     '1.8.1',
96 silly addNameRange     '1.8.2',
96 silly addNameRange     '1.8.3',
96 silly addNameRange     '1.8.4',
96 silly addNameRange     '1.9.0',
96 silly addNameRange     '2.0.0',
96 silly addNameRange     '2.0.1',
96 silly addNameRange     '2.0.2',
96 silly addNameRange     '2.0.3',
96 silly addNameRange     '2.0.4',
96 silly addNameRange     '2.0.5',
96 silly addNameRange     '2.0.6',
96 silly addNameRange     '2.0.7',
96 silly addNameRange     '2.0.8',
96 silly addNameRange     '2.0.9',
96 silly addNameRange     '2.1.0' ] ]
97 silly addNamed nan@2.1.0
98 verbose addNamed "2.1.0" is a plain semver version for nan
99 silly cache afterAdd nan@2.1.0
100 verbose afterAdd C:\Users\Administrator\AppData\Roaming\npm-cache\nan\2.1.0\package\package.json not in flight; writing
101 verbose afterAdd C:\Users\Administrator\AppData\Roaming\npm-cache\nan\2.1.0\package\package.json written
102 silly loadAllDepsIntoIdealTree Finishing
103 silly idealTree:prePrune vogue@0.0.0
103 silly idealTree:prePrune ├─┬ body-parser@1.13.3
103 silly idealTree:prePrune │ ├── bytes@2.1.0
103 silly idealTree:prePrune │ ├── content-type@1.0.1
103 silly idealTree:prePrune │ ├── depd@1.0.1
103 silly idealTree:prePrune │ ├─┬ http-errors@1.3.1
103 silly idealTree:prePrune │ │ ├── inherits@2.0.1
103 silly idealTree:prePrune │ │ └── statuses@1.2.1
103 silly idealTree:prePrune │ ├── iconv-lite@0.4.11
103 silly idealTree:prePrune │ ├─┬ on-finished@2.3.0
103 silly idealTree:prePrune │ │ └── ee-first@1.1.1
103 silly idealTree:prePrune │ ├── qs@4.0.0
103 silly idealTree:prePrune │ ├─┬ raw-body@2.1.5
103 silly idealTree:prePrune │ │ ├── bytes@2.2.0
103 silly idealTree:prePrune │ │ ├── iconv-lite@0.4.13
103 silly idealTree:prePrune │ │ └── unpipe@1.0.0
103 silly idealTree:prePrune │ └─┬ type-is@1.6.10
103 silly idealTree:prePrune │   ├── media-typer@0.3.0
103 silly idealTree:prePrune │   └─┬ mime-types@2.1.8
103 silly idealTree:prePrune │     └── mime-db@1.20.0
103 silly idealTree:prePrune ├─┬ cookie-parser@1.3.5
103 silly idealTree:prePrune │ ├── cookie-signature@1.0.6
103 silly idealTree:prePrune │ └── cookie@0.1.3
103 silly idealTree:prePrune ├─┬ debug@2.2.0
103 silly idealTree:prePrune │ └── ms@0.7.1
103 silly idealTree:prePrune ├─┬ express@4.13.3
103 silly idealTree:prePrune │ ├─┬ accepts@1.2.13
103 silly idealTree:prePrune │ │ ├─┬ mime-types@2.1.8
103 silly idealTree:prePrune │ │ │ └── mime-db@1.20.0
103 silly idealTree:prePrune │ │ └── negotiator@0.5.3
103 silly idealTree:prePrune │ ├── array-flatten@1.1.1
103 silly idealTree:prePrune │ ├── content-disposition@0.5.0
103 silly idealTree:prePrune │ ├── content-type@1.0.1
103 silly idealTree:prePrune │ ├── cookie-signature@1.0.6
103 silly idealTree:prePrune │ ├── cookie@0.1.3
103 silly idealTree:prePrune │ ├── depd@1.0.1
103 silly idealTree:prePrune │ ├── escape-html@1.0.2
103 silly idealTree:prePrune │ ├── etag@1.7.0
103 silly idealTree:prePrune │ ├─┬ finalhandler@0.4.0
103 silly idealTree:prePrune │ │ └── unpipe@1.0.0
103 silly idealTree:prePrune │ ├── fresh@0.3.0
103 silly idealTree:prePrune │ ├── merge-descriptors@1.0.0
103 silly idealTree:prePrune │ ├── methods@1.1.1
103 silly idealTree:prePrune │ ├─┬ on-finished@2.3.0
103 silly idealTree:prePrune │ │ └── ee-first@1.1.1
103 silly idealTree:prePrune │ ├── parseurl@1.3.0
103 silly idealTree:prePrune │ ├── path-to-regexp@0.1.7
103 silly idealTree:prePrune │ ├─┬ proxy-addr@1.0.9
103 silly idealTree:prePrune │ │ ├── forwarded@0.1.0
103 silly idealTree:prePrune │ │ └── ipaddr.js@1.0.4
103 silly idealTree:prePrune │ ├── qs@4.0.0
103 silly idealTree:prePrune │ ├── range-parser@1.0.3
103 silly idealTree:prePrune │ ├─┬ send@0.13.0
103 silly idealTree:prePrune │ │ ├── destroy@1.0.3
103 silly idealTree:prePrune │ │ ├─┬ http-errors@1.3.1
103 silly idealTree:prePrune │ │ │ └── inherits@2.0.1
103 silly idealTree:prePrune │ │ ├── mime@1.3.4
103 silly idealTree:prePrune │ │ ├── ms@0.7.1
103 silly idealTree:prePrune │ │ └── statuses@1.2.1
103 silly idealTree:prePrune │ ├── serve-static@1.10.0
103 silly idealTree:prePrune │ ├─┬ type-is@1.6.10
103 silly idealTree:prePrune │ │ ├── media-typer@0.3.0
103 silly idealTree:prePrune │ │ └─┬ mime-types@2.1.8
103 silly idealTree:prePrune │ │   └── mime-db@1.20.0
103 silly idealTree:prePrune │ ├── utils-merge@1.0.0
103 silly idealTree:prePrune │ └── vary@1.0.1
103 silly idealTree:prePrune ├─┬ jade@1.11.0
103 silly idealTree:prePrune │ ├── character-parser@1.2.1
103 silly idealTree:prePrune │ ├─┬ clean-css@3.4.8
103 silly idealTree:prePrune │ │ ├─┬ commander@2.8.1
103 silly idealTree:prePrune │ │ │ └── graceful-readlink@1.0.1
103 silly idealTree:prePrune │ │ └─┬ source-map@0.4.4
103 silly idealTree:prePrune │ │   └── amdefine@1.0.0
103 silly idealTree:prePrune │ ├── commander@2.6.0
103 silly idealTree:prePrune │ ├─┬ constantinople@3.0.2
103 silly idealTree:prePrune │ │ └── acorn@2.6.4
103 silly idealTree:prePrune │ ├─┬ jstransformer@0.0.2
103 silly idealTree:prePrune │ │ ├── is-promise@2.1.0
103 silly idealTree:prePrune │ │ └─┬ promise@6.1.0
103 silly idealTree:prePrune │ │   └── asap@1.0.0
103 silly idealTree:prePrune │ ├─┬ mkdirp@0.5.1
103 silly idealTree:prePrune │ │ └── minimist@0.0.8
103 silly idealTree:prePrune │ ├─┬ transformers@2.1.0
103 silly idealTree:prePrune │ │ ├─┬ css@1.0.8
103 silly idealTree:prePrune │ │ │ ├── css-parse@1.0.4
103 silly idealTree:prePrune │ │ │ └── css-stringify@1.0.5
103 silly idealTree:prePrune │ │ ├─┬ promise@2.0.0
103 silly idealTree:prePrune │ │ │ └── is-promise@1.0.1
103 silly idealTree:prePrune │ │ └─┬ uglify-js@2.2.5
103 silly idealTree:prePrune │ │   ├─┬ optimist@0.3.7
103 silly idealTree:prePrune │ │   │ └── wordwrap@0.0.3
103 silly idealTree:prePrune │ │   └─┬ source-map@0.1.43
103 silly idealTree:prePrune │ │     └── amdefine@1.0.0
103 silly idealTree:prePrune │ ├─┬ uglify-js@2.6.1
103 silly idealTree:prePrune │ │ ├── async@0.2.10
103 silly idealTree:prePrune │ │ ├── source-map@0.5.3
103 silly idealTree:prePrune │ │ ├── uglify-to-browserify@1.0.2
103 silly idealTree:prePrune │ │ └─┬ yargs@3.10.0
103 silly idealTree:prePrune │ │   ├── camelcase@1.2.1
103 silly idealTree:prePrune │ │   ├─┬ cliui@2.1.0
103 silly idealTree:prePrune │ │   │ ├─┬ center-align@0.1.2
103 silly idealTree:prePrune │ │   │ │ ├─┬ align-text@0.1.3
103 silly idealTree:prePrune │ │   │ │ │ ├─┬ kind-of@2.0.1
103 silly idealTree:prePrune │ │   │ │ │ │ └── is-buffer@1.1.0
103 silly idealTree:prePrune │ │   │ │ │ ├── longest@1.0.1
103 silly idealTree:prePrune │ │   │ │ │ └── repeat-string@1.5.2
103 silly idealTree:prePrune │ │   │ │ └── lazy-cache@0.2.4
103 silly idealTree:prePrune │ │   │ ├─┬ right-align@0.1.3
103 silly idealTree:prePrune │ │   │ │ └─┬ align-text@0.1.3
103 silly idealTree:prePrune │ │   │ │   ├─┬ kind-of@2.0.1
103 silly idealTree:prePrune │ │   │ │   │ └── is-buffer@1.1.0
103 silly idealTree:prePrune │ │   │ │   ├── longest@1.0.1
103 silly idealTree:prePrune │ │   │ │   └── repeat-string@1.5.2
103 silly idealTree:prePrune │ │   │ └── wordwrap@0.0.2
103 silly idealTree:prePrune │ │   ├── decamelize@1.1.1
103 silly idealTree:prePrune │ │   └── window-size@0.1.0
103 silly idealTree:prePrune │ ├── void-elements@2.0.1
103 silly idealTree:prePrune │ └─┬ with@4.0.3
103 silly idealTree:prePrune │   ├─┬ acorn-globals@1.0.9
103 silly idealTree:prePrune │   │ └── acorn@2.6.4
103 silly idealTree:prePrune │   └── acorn@1.2.2
103 silly idealTree:prePrune ├─┬ morgan@1.6.1
103 silly idealTree:prePrune │ ├── basic-auth@1.0.3
103 silly idealTree:prePrune │ ├── depd@1.0.1
103 silly idealTree:prePrune │ ├─┬ on-finished@2.3.0
103 silly idealTree:prePrune │ │ └── ee-first@1.1.1
103 silly idealTree:prePrune │ └── on-headers@1.0.1
103 silly idealTree:prePrune ├── msgpack@1.0.2
103 silly idealTree:prePrune ├── nan@2.1.0
103 silly idealTree:prePrune ├─┬ protobuf.js@1.1.2
103 silly idealTree:prePrune │ └── long@1.1.5
103 silly idealTree:prePrune └─┬ serve-favicon@2.3.0
103 silly idealTree:prePrune   ├── etag@1.7.0
103 silly idealTree:prePrune   ├── fresh@0.3.0
103 silly idealTree:prePrune   ├── ms@0.7.1
103 silly idealTree:prePrune   └── parseurl@1.3.0
104 silly loadIdealTree Finishing
105 silly currentTree vogue@0.0.0
105 silly currentTree ├─┬ body-parser@1.13.3
105 silly currentTree │ ├── bytes@2.1.0
105 silly currentTree │ ├── content-type@1.0.1
105 silly currentTree │ ├── depd@1.0.1
105 silly currentTree │ ├─┬ http-errors@1.3.1
105 silly currentTree │ │ ├── inherits@2.0.1
105 silly currentTree │ │ └── statuses@1.2.1
105 silly currentTree │ ├── iconv-lite@0.4.11
105 silly currentTree │ ├─┬ on-finished@2.3.0
105 silly currentTree │ │ └── ee-first@1.1.1
105 silly currentTree │ ├── qs@4.0.0
105 silly currentTree │ ├─┬ raw-body@2.1.5
105 silly currentTree │ │ ├── bytes@2.2.0
105 silly currentTree │ │ ├── iconv-lite@0.4.13
105 silly currentTree │ │ └── unpipe@1.0.0
105 silly currentTree │ └─┬ type-is@1.6.10
105 silly currentTree │   ├── media-typer@0.3.0
105 silly currentTree │   └─┬ mime-types@2.1.8
105 silly currentTree │     └── mime-db@1.20.0
105 silly currentTree ├─┬ cookie-parser@1.3.5
105 silly currentTree │ ├── cookie-signature@1.0.6
105 silly currentTree │ └── cookie@0.1.3
105 silly currentTree ├─┬ debug@2.2.0
105 silly currentTree │ └── ms@0.7.1
105 silly currentTree ├─┬ express@4.13.3
105 silly currentTree │ ├─┬ accepts@1.2.13
105 silly currentTree │ │ ├─┬ mime-types@2.1.8
105 silly currentTree │ │ │ └── mime-db@1.20.0
105 silly currentTree │ │ └── negotiator@0.5.3
105 silly currentTree │ ├── array-flatten@1.1.1
105 silly currentTree │ ├── content-disposition@0.5.0
105 silly currentTree │ ├── content-type@1.0.1
105 silly currentTree │ ├── cookie-signature@1.0.6
105 silly currentTree │ ├── cookie@0.1.3
105 silly currentTree │ ├── depd@1.0.1
105 silly currentTree │ ├── escape-html@1.0.2
105 silly currentTree │ ├── etag@1.7.0
105 silly currentTree │ ├─┬ finalhandler@0.4.0
105 silly currentTree │ │ └── unpipe@1.0.0
105 silly currentTree │ ├── fresh@0.3.0
105 silly currentTree │ ├── merge-descriptors@1.0.0
105 silly currentTree │ ├── methods@1.1.1
105 silly currentTree │ ├─┬ on-finished@2.3.0
105 silly currentTree │ │ └── ee-first@1.1.1
105 silly currentTree │ ├── parseurl@1.3.0
105 silly currentTree │ ├── path-to-regexp@0.1.7
105 silly currentTree │ ├─┬ proxy-addr@1.0.9
105 silly currentTree │ │ ├── forwarded@0.1.0
105 silly currentTree │ │ └── ipaddr.js@1.0.4
105 silly currentTree │ ├── qs@4.0.0
105 silly currentTree │ ├── range-parser@1.0.3
105 silly currentTree │ ├─┬ send@0.13.0
105 silly currentTree │ │ ├── destroy@1.0.3
105 silly currentTree │ │ ├─┬ http-errors@1.3.1
105 silly currentTree │ │ │ └── inherits@2.0.1
105 silly currentTree │ │ ├── mime@1.3.4
105 silly currentTree │ │ ├── ms@0.7.1
105 silly currentTree │ │ └── statuses@1.2.1
105 silly currentTree │ ├── serve-static@1.10.0
105 silly currentTree │ ├─┬ type-is@1.6.10
105 silly currentTree │ │ ├── media-typer@0.3.0
105 silly currentTree │ │ └─┬ mime-types@2.1.8
105 silly currentTree │ │   └── mime-db@1.20.0
105 silly currentTree │ ├── utils-merge@1.0.0
105 silly currentTree │ └── vary@1.0.1
105 silly currentTree ├─┬ jade@1.11.0
105 silly currentTree │ ├── character-parser@1.2.1
105 silly currentTree │ ├─┬ clean-css@3.4.8
105 silly currentTree │ │ ├─┬ commander@2.8.1
105 silly currentTree │ │ │ └── graceful-readlink@1.0.1
105 silly currentTree │ │ └─┬ source-map@0.4.4
105 silly currentTree │ │   └── amdefine@1.0.0
105 silly currentTree │ ├── commander@2.6.0
105 silly currentTree │ ├─┬ constantinople@3.0.2
105 silly currentTree │ │ └── acorn@2.6.4
105 silly currentTree │ ├─┬ jstransformer@0.0.2
105 silly currentTree │ │ ├── is-promise@2.1.0
105 silly currentTree │ │ └─┬ promise@6.1.0
105 silly currentTree │ │   └── asap@1.0.0
105 silly currentTree │ ├─┬ mkdirp@0.5.1
105 silly currentTree │ │ └── minimist@0.0.8
105 silly currentTree │ ├─┬ transformers@2.1.0
105 silly currentTree │ │ ├─┬ css@1.0.8
105 silly currentTree │ │ │ ├── css-parse@1.0.4
105 silly currentTree │ │ │ └── css-stringify@1.0.5
105 silly currentTree │ │ ├─┬ promise@2.0.0
105 silly currentTree │ │ │ └── is-promise@1.0.1
105 silly currentTree │ │ └─┬ uglify-js@2.2.5
105 silly currentTree │ │   ├─┬ optimist@0.3.7
105 silly currentTree │ │   │ └── wordwrap@0.0.3
105 silly currentTree │ │   └─┬ source-map@0.1.43
105 silly currentTree │ │     └── amdefine@1.0.0
105 silly currentTree │ ├─┬ uglify-js@2.6.1
105 silly currentTree │ │ ├── async@0.2.10
105 silly currentTree │ │ ├── source-map@0.5.3
105 silly currentTree │ │ ├── uglify-to-browserify@1.0.2
105 silly currentTree │ │ └─┬ yargs@3.10.0
105 silly currentTree │ │   ├── camelcase@1.2.1
105 silly currentTree │ │   ├─┬ cliui@2.1.0
105 silly currentTree │ │   │ ├─┬ center-align@0.1.2
105 silly currentTree │ │   │ │ ├─┬ align-text@0.1.3
105 silly currentTree │ │   │ │ │ ├─┬ kind-of@2.0.1
105 silly currentTree │ │   │ │ │ │ └── is-buffer@1.1.0
105 silly currentTree │ │   │ │ │ ├── longest@1.0.1
105 silly currentTree │ │   │ │ │ └── repeat-string@1.5.2
105 silly currentTree │ │   │ │ └── lazy-cache@0.2.4
105 silly currentTree │ │   │ ├─┬ right-align@0.1.3
105 silly currentTree │ │   │ │ └─┬ align-text@0.1.3
105 silly currentTree │ │   │ │   ├─┬ kind-of@2.0.1
105 silly currentTree │ │   │ │   │ └── is-buffer@1.1.0
105 silly currentTree │ │   │ │   ├── longest@1.0.1
105 silly currentTree │ │   │ │   └── repeat-string@1.5.2
105 silly currentTree │ │   │ └── wordwrap@0.0.2
105 silly currentTree │ │   ├── decamelize@1.1.1
105 silly currentTree │ │   └── window-size@0.1.0
105 silly currentTree │ ├── void-elements@2.0.1
105 silly currentTree │ └─┬ with@4.0.3
105 silly currentTree │   ├─┬ acorn-globals@1.0.9
105 silly currentTree │   │ └── acorn@2.6.4
105 silly currentTree │   └── acorn@1.2.2
105 silly currentTree ├─┬ morgan@1.6.1
105 silly currentTree │ ├── basic-auth@1.0.3
105 silly currentTree │ ├── depd@1.0.1
105 silly currentTree │ ├─┬ on-finished@2.3.0
105 silly currentTree │ │ └── ee-first@1.1.1
105 silly currentTree │ └── on-headers@1.0.1
105 silly currentTree ├─┬ protobuf.js@1.1.2
105 silly currentTree │ └── long@1.1.5
105 silly currentTree └─┬ serve-favicon@2.3.0
105 silly currentTree   ├── etag@1.7.0
105 silly currentTree   ├── fresh@0.3.0
105 silly currentTree   ├── ms@0.7.1
105 silly currentTree   └── parseurl@1.3.0
106 silly idealTree vogue@0.0.0
106 silly idealTree ├─┬ body-parser@1.13.3
106 silly idealTree │ ├── bytes@2.1.0
106 silly idealTree │ ├── content-type@1.0.1
106 silly idealTree │ ├── depd@1.0.1
106 silly idealTree │ ├─┬ http-errors@1.3.1
106 silly idealTree │ │ ├── inherits@2.0.1
106 silly idealTree │ │ └── statuses@1.2.1
106 silly idealTree │ ├── iconv-lite@0.4.11
106 silly idealTree │ ├─┬ on-finished@2.3.0
106 silly idealTree │ │ └── ee-first@1.1.1
106 silly idealTree │ ├── qs@4.0.0
106 silly idealTree │ ├─┬ raw-body@2.1.5
106 silly idealTree │ │ ├── bytes@2.2.0
106 silly idealTree │ │ ├── iconv-lite@0.4.13
106 silly idealTree │ │ └── unpipe@1.0.0
106 silly idealTree │ └─┬ type-is@1.6.10
106 silly idealTree │   ├── media-typer@0.3.0
106 silly idealTree │   └─┬ mime-types@2.1.8
106 silly idealTree │     └── mime-db@1.20.0
106 silly idealTree ├─┬ cookie-parser@1.3.5
106 silly idealTree │ ├── cookie-signature@1.0.6
106 silly idealTree │ └── cookie@0.1.3
106 silly idealTree ├─┬ debug@2.2.0
106 silly idealTree │ └── ms@0.7.1
106 silly idealTree ├─┬ express@4.13.3
106 silly idealTree │ ├─┬ accepts@1.2.13
106 silly idealTree │ │ ├─┬ mime-types@2.1.8
106 silly idealTree │ │ │ └── mime-db@1.20.0
106 silly idealTree │ │ └── negotiator@0.5.3
106 silly idealTree │ ├── array-flatten@1.1.1
106 silly idealTree │ ├── content-disposition@0.5.0
106 silly idealTree │ ├── content-type@1.0.1
106 silly idealTree │ ├── cookie-signature@1.0.6
106 silly idealTree │ ├── cookie@0.1.3
106 silly idealTree │ ├── depd@1.0.1
106 silly idealTree │ ├── escape-html@1.0.2
106 silly idealTree │ ├── etag@1.7.0
106 silly idealTree │ ├─┬ finalhandler@0.4.0
106 silly idealTree │ │ └── unpipe@1.0.0
106 silly idealTree │ ├── fresh@0.3.0
106 silly idealTree │ ├── merge-descriptors@1.0.0
106 silly idealTree │ ├── methods@1.1.1
106 silly idealTree │ ├─┬ on-finished@2.3.0
106 silly idealTree │ │ └── ee-first@1.1.1
106 silly idealTree │ ├── parseurl@1.3.0
106 silly idealTree │ ├── path-to-regexp@0.1.7
106 silly idealTree │ ├─┬ proxy-addr@1.0.9
106 silly idealTree │ │ ├── forwarded@0.1.0
106 silly idealTree │ │ └── ipaddr.js@1.0.4
106 silly idealTree │ ├── qs@4.0.0
106 silly idealTree │ ├── range-parser@1.0.3
106 silly idealTree │ ├─┬ send@0.13.0
106 silly idealTree │ │ ├── destroy@1.0.3
106 silly idealTree │ │ ├─┬ http-errors@1.3.1
106 silly idealTree │ │ │ └── inherits@2.0.1
106 silly idealTree │ │ ├── mime@1.3.4
106 silly idealTree │ │ ├── ms@0.7.1
106 silly idealTree │ │ └── statuses@1.2.1
106 silly idealTree │ ├── serve-static@1.10.0
106 silly idealTree │ ├─┬ type-is@1.6.10
106 silly idealTree │ │ ├── media-typer@0.3.0
106 silly idealTree │ │ └─┬ mime-types@2.1.8
106 silly idealTree │ │   └── mime-db@1.20.0
106 silly idealTree │ ├── utils-merge@1.0.0
106 silly idealTree │ └── vary@1.0.1
106 silly idealTree ├─┬ jade@1.11.0
106 silly idealTree │ ├── character-parser@1.2.1
106 silly idealTree │ ├─┬ clean-css@3.4.8
106 silly idealTree │ │ ├─┬ commander@2.8.1
106 silly idealTree │ │ │ └── graceful-readlink@1.0.1
106 silly idealTree │ │ └─┬ source-map@0.4.4
106 silly idealTree │ │   └── amdefine@1.0.0
106 silly idealTree │ ├── commander@2.6.0
106 silly idealTree │ ├─┬ constantinople@3.0.2
106 silly idealTree │ │ └── acorn@2.6.4
106 silly idealTree │ ├─┬ jstransformer@0.0.2
106 silly idealTree │ │ ├── is-promise@2.1.0
106 silly idealTree │ │ └─┬ promise@6.1.0
106 silly idealTree │ │   └── asap@1.0.0
106 silly idealTree │ ├─┬ mkdirp@0.5.1
106 silly idealTree │ │ └── minimist@0.0.8
106 silly idealTree │ ├─┬ transformers@2.1.0
106 silly idealTree │ │ ├─┬ css@1.0.8
106 silly idealTree │ │ │ ├── css-parse@1.0.4
106 silly idealTree │ │ │ └── css-stringify@1.0.5
106 silly idealTree │ │ ├─┬ promise@2.0.0
106 silly idealTree │ │ │ └── is-promise@1.0.1
106 silly idealTree │ │ └─┬ uglify-js@2.2.5
106 silly idealTree │ │   ├─┬ optimist@0.3.7
106 silly idealTree │ │   │ └── wordwrap@0.0.3
106 silly idealTree │ │   └─┬ source-map@0.1.43
106 silly idealTree │ │     └── amdefine@1.0.0
106 silly idealTree │ ├─┬ uglify-js@2.6.1
106 silly idealTree │ │ ├── async@0.2.10
106 silly idealTree │ │ ├── source-map@0.5.3
106 silly idealTree │ │ ├── uglify-to-browserify@1.0.2
106 silly idealTree │ │ └─┬ yargs@3.10.0
106 silly idealTree │ │   ├── camelcase@1.2.1
106 silly idealTree │ │   ├─┬ cliui@2.1.0
106 silly idealTree │ │   │ ├─┬ center-align@0.1.2
106 silly idealTree │ │   │ │ ├─┬ align-text@0.1.3
106 silly idealTree │ │   │ │ │ ├─┬ kind-of@2.0.1
106 silly idealTree │ │   │ │ │ │ └── is-buffer@1.1.0
106 silly idealTree │ │   │ │ │ ├── longest@1.0.1
106 silly idealTree │ │   │ │ │ └── repeat-string@1.5.2
106 silly idealTree │ │   │ │ └── lazy-cache@0.2.4
106 silly idealTree │ │   │ ├─┬ right-align@0.1.3
106 silly idealTree │ │   │ │ └─┬ align-text@0.1.3
106 silly idealTree │ │   │ │   ├─┬ kind-of@2.0.1
106 silly idealTree │ │   │ │   │ └── is-buffer@1.1.0
106 silly idealTree │ │   │ │   ├── longest@1.0.1
106 silly idealTree │ │   │ │   └── repeat-string@1.5.2
106 silly idealTree │ │   │ └── wordwrap@0.0.2
106 silly idealTree │ │   ├── decamelize@1.1.1
106 silly idealTree │ │   └── window-size@0.1.0
106 silly idealTree │ ├── void-elements@2.0.1
106 silly idealTree │ └─┬ with@4.0.3
106 silly idealTree │   ├─┬ acorn-globals@1.0.9
106 silly idealTree │   │ └── acorn@2.6.4
106 silly idealTree │   └── acorn@1.2.2
106 silly idealTree ├─┬ morgan@1.6.1
106 silly idealTree │ ├── basic-auth@1.0.3
106 silly idealTree │ ├── depd@1.0.1
106 silly idealTree │ ├─┬ on-finished@2.3.0
106 silly idealTree │ │ └── ee-first@1.1.1
106 silly idealTree │ └── on-headers@1.0.1
106 silly idealTree ├── msgpack@1.0.2
106 silly idealTree ├── nan@2.1.0
106 silly idealTree ├─┬ protobuf.js@1.1.2
106 silly idealTree │ └── long@1.1.5
106 silly idealTree └─┬ serve-favicon@2.3.0
106 silly idealTree   ├── etag@1.7.0
106 silly idealTree   ├── fresh@0.3.0
106 silly idealTree   ├── ms@0.7.1
106 silly idealTree   └── parseurl@1.3.0
107 silly generateActionsToTake Starting
108 silly install generateActionsToTake
109 silly generateActionsToTake Finishing
110 silly diffTrees action count 2
111 silly diffTrees add nan@2.1.0
112 silly diffTrees add msgpack@1.0.2
113 silly decomposeActions action count 16
114 silly decomposeActions fetch nan@2.1.0
115 silly decomposeActions extract nan@2.1.0
116 silly decomposeActions preinstall nan@2.1.0
117 silly decomposeActions build nan@2.1.0
118 silly decomposeActions install nan@2.1.0
119 silly decomposeActions postinstall nan@2.1.0
120 silly decomposeActions test nan@2.1.0
121 silly decomposeActions finalize nan@2.1.0
122 silly decomposeActions fetch msgpack@1.0.2
123 silly decomposeActions extract msgpack@1.0.2
124 silly decomposeActions preinstall msgpack@1.0.2
125 silly decomposeActions build msgpack@1.0.2
126 silly decomposeActions install msgpack@1.0.2
127 silly decomposeActions postinstall msgpack@1.0.2
128 silly decomposeActions test msgpack@1.0.2
129 silly decomposeActions finalize msgpack@1.0.2
130 silly executeActions Starting
131 silly install executeActions
132 silly doSerial global-install 0
133 silly doParallel fetch 2
134 verbose lock using C:\Users\Administrator\AppData\Roaming\npm-cache\_locks\staging-4814ff856ddc97f3.lock for C:\work\projects\pine\vogue\node_modules\.staging
135 silly doParallel extract 2
136 silly extract nan@2.1.0
137 silly extract msgpack@1.0.2
138 verbose unbuild node_modules\.staging\nan-409e8af83b49cc4131e95e5208709f54
139 verbose unbuild node_modules\.staging\msgpack-56f11ebc77a2f13fa1cb1b8b3ea0a6ad
140 silly gentlyRm C:\work\projects\pine\vogue\node_modules\.staging\nan-409e8af83b49cc4131e95e5208709f54 is being purged from base C:\work\projects\pine\vogue
141 verbose gentlyRm don't care about contents; nuking C:\work\projects\pine\vogue\node_modules\.staging\nan-409e8af83b49cc4131e95e5208709f54
142 silly gentlyRm C:\work\projects\pine\vogue\node_modules\.staging\msgpack-56f11ebc77a2f13fa1cb1b8b3ea0a6ad is being purged from base C:\work\projects\pine\vogue
143 verbose tar unpack C:\Users\Administrator\AppData\Roaming\npm-cache\nan\2.1.0\package.tgz
144 verbose tar unpacking to C:\work\projects\pine\vogue\node_modules\.staging\nan-409e8af83b49cc4131e95e5208709f54
145 silly gentlyRm C:\work\projects\pine\vogue\node_modules\.staging\nan-409e8af83b49cc4131e95e5208709f54 is being purged
146 verbose gentlyRm don't care about contents; nuking C:\work\projects\pine\vogue\node_modules\.staging\msgpack-56f11ebc77a2f13fa1cb1b8b3ea0a6ad
147 verbose gentlyRm don't care about contents; nuking C:\work\projects\pine\vogue\node_modules\.staging\nan-409e8af83b49cc4131e95e5208709f54
148 verbose tar unpack C:\Users\Administrator\AppData\Roaming\npm-cache\msgpack\1.0.2\package.tgz
149 verbose tar unpacking to C:\work\projects\pine\vogue\node_modules\.staging\msgpack-56f11ebc77a2f13fa1cb1b8b3ea0a6ad
150 silly gentlyRm C:\work\projects\pine\vogue\node_modules\.staging\msgpack-56f11ebc77a2f13fa1cb1b8b3ea0a6ad is being purged
151 silly gunzTarPerm modes [ '777', '666' ]
152 verbose gentlyRm don't care about contents; nuking C:\work\projects\pine\vogue\node_modules\.staging\msgpack-56f11ebc77a2f13fa1cb1b8b3ea0a6ad
153 silly gunzTarPerm modes [ '777', '666' ]
154 silly gunzTarPerm extractEntry package.json
155 silly gunzTarPerm modified mode [ 'package.json', 436, 438 ]
156 silly gunzTarPerm extractEntry package.json
157 silly gunzTarPerm modified mode [ 'package.json', 420, 438 ]
158 silly gunzTarPerm extractEntry README.md
159 silly gunzTarPerm modified mode [ 'README.md', 436, 438 ]
160 silly gunzTarPerm extractEntry include_dirs.js
161 silly gunzTarPerm modified mode [ 'include_dirs.js', 436, 438 ]
162 silly gunzTarPerm extractEntry .npmignore
163 silly gunzTarPerm modified mode [ '.npmignore', 420, 438 ]
164 silly gunzTarPerm extractEntry README.md
165 silly gunzTarPerm modified mode [ 'README.md', 420, 438 ]
166 silly gunzTarPerm extractEntry nan_converters.h
167 silly gunzTarPerm modified mode [ 'nan_converters.h', 436, 438 ]
168 silly gunzTarPerm extractEntry LICENSE.md
169 silly gunzTarPerm modified mode [ 'LICENSE.md', 436, 438 ]
170 silly gunzTarPerm extractEntry .dntrc
171 silly gunzTarPerm modified mode [ '.dntrc', 436, 438 ]
172 silly gunzTarPerm extractEntry appveyor.yml
173 silly gunzTarPerm modified mode [ 'appveyor.yml', 436, 438 ]
174 silly gunzTarPerm extractEntry LICENSE
175 silly gunzTarPerm modified mode [ 'LICENSE', 420, 438 ]
176 silly gunzTarPerm extractEntry bin/json2msgpack
177 silly gunzTarPerm modified mode [ 'bin/json2msgpack', 493, 511 ]
178 silly gunzTarPerm extractEntry doc/new.md
179 silly gunzTarPerm modified mode [ 'doc/new.md', 436, 438 ]
180 silly gunzTarPerm extractEntry doc/.build.sh
181 silly gunzTarPerm modified mode [ 'doc/.build.sh', 509, 511 ]
182 silly gunzTarPerm extractEntry bin/msgpack2json
183 silly gunzTarPerm modified mode [ 'bin/msgpack2json', 493, 511 ]
184 silly gunzTarPerm extractEntry binding.gyp
185 silly gunzTarPerm modified mode [ 'binding.gyp', 420, 438 ]
186 silly gunzTarPerm extractEntry doc/buffers.md
187 silly gunzTarPerm modified mode [ 'doc/buffers.md', 436, 438 ]
188 silly gunzTarPerm extractEntry doc/callback.md
189 silly gunzTarPerm modified mode [ 'doc/callback.md', 436, 438 ]
190 silly gunzTarPerm extractEntry deps/msgpack/LICENSE
191 silly gunzTarPerm modified mode [ 'deps/msgpack/LICENSE', 420, 438 ]
192 silly gunzTarPerm extractEntry deps/msgpack/msgpack.h
193 silly gunzTarPerm modified mode [ 'deps/msgpack/msgpack.h', 420, 438 ]
194 silly gunzTarPerm extractEntry doc/converters.md
195 silly gunzTarPerm modified mode [ 'doc/converters.md', 436, 438 ]
196 silly gunzTarPerm extractEntry doc/errors.md
197 silly gunzTarPerm modified mode [ 'doc/errors.md', 436, 438 ]
198 silly gunzTarPerm extractEntry deps/msgpack/AUTHORS
199 silly gunzTarPerm modified mode [ 'deps/msgpack/AUTHORS', 420, 438 ]
200 silly gunzTarPerm extractEntry deps/msgpack/gcc_atomic.hpp
201 silly gunzTarPerm modified mode [ 'deps/msgpack/gcc_atomic.hpp', 420, 438 ]
202 silly gunzTarPerm extractEntry doc/maybe_types.md
203 silly gunzTarPerm modified mode [ 'doc/maybe_types.md', 436, 438 ]
204 silly gunzTarPerm extractEntry doc/methods.md
205 silly gunzTarPerm modified mode [ 'doc/methods.md', 436, 438 ]
206 silly gunzTarPerm extractEntry deps/msgpack/msgpack/sysdep.h
207 silly gunzTarPerm modified mode [ 'deps/msgpack/msgpack/sysdep.h', 420, 438 ]
208 silly gunzTarPerm extractEntry deps/msgpack/msgpack/adaptor/list.hpp
209 silly gunzTarPerm modified mode [ 'deps/msgpack/msgpack/adaptor/list.hpp', 420, 438 ]
210 silly gunzTarPerm extractEntry doc/asyncworker.md
211 silly gunzTarPerm modified mode [ 'doc/asyncworker.md', 436, 438 ]
212 silly gunzTarPerm extractEntry doc/node_misc.md
213 silly gunzTarPerm modified mode [ 'doc/node_misc.md', 436, 438 ]
214 silly gunzTarPerm extractEntry deps/msgpack/msgpack/adaptor/adaptor_base.hpp
215 silly gunzTarPerm modified mode [ 'deps/msgpack/msgpack/adaptor/adaptor_base.hpp', 420, 438 ]
216 silly gunzTarPerm extractEntry deps/msgpack/msgpack/adaptor/char_ptr.hpp
217 silly gunzTarPerm modified mode [ 'deps/msgpack/msgpack/adaptor/char_ptr.hpp', 420, 438 ]
218 silly gunzTarPerm extractEntry doc/persistent.md
219 silly gunzTarPerm modified mode [ 'doc/persistent.md', 436, 438 ]
220 silly gunzTarPerm extractEntry doc/scopes.md
221 silly gunzTarPerm modified mode [ 'doc/scopes.md', 436, 438 ]
222 silly gunzTarPerm extractEntry deps/msgpack/msgpack/adaptor/check_container_size.hpp
223 silly gunzTarPerm modified mode [ 'deps/msgpack/msgpack/adaptor/check_container_size.hpp',
223 silly gunzTarPerm   420,
223 silly gunzTarPerm   438 ]
224 silly gunzTarPerm extractEntry deps/msgpack/msgpack/adaptor/cpp11/array.hpp
225 silly gunzTarPerm modified mode [ 'deps/msgpack/msgpack/adaptor/cpp11/array.hpp', 420, 438 ]
226 silly gunzTarPerm extractEntry doc/script.md
227 silly gunzTarPerm modified mode [ 'doc/script.md', 436, 438 ]
228 silly gunzTarPerm extractEntry doc/string_bytes.md
229 silly gunzTarPerm modified mode [ 'doc/string_bytes.md', 436, 438 ]
230 silly gunzTarPerm extractEntry deps/msgpack/msgpack/adaptor/cpp11/array_char.hpp
231 silly gunzTarPerm modified mode [ 'deps/msgpack/msgpack/adaptor/cpp11/array_char.hpp', 420, 438 ]
232 silly gunzTarPerm extractEntry deps/msgpack/msgpack/adaptor/cpp11/forward_list.hpp
233 silly gunzTarPerm modified mode [ 'deps/msgpack/msgpack/adaptor/cpp11/forward_list.hpp',
233 silly gunzTarPerm   420,
233 silly gunzTarPerm   438 ]
234 silly gunzTarPerm extractEntry doc/v8_internals.md
235 silly gunzTarPerm modified mode [ 'doc/v8_internals.md', 436, 438 ]
236 silly gunzTarPerm extractEntry doc/v8_misc.md
237 silly gunzTarPerm modified mode [ 'doc/v8_misc.md', 436, 438 ]
238 silly gunzTarPerm extractEntry deps/msgpack/msgpack/adaptor/cpp11/tuple.hpp
239 silly gunzTarPerm modified mode [ 'deps/msgpack/msgpack/adaptor/cpp11/tuple.hpp', 420, 438 ]
240 silly gunzTarPerm extractEntry deps/msgpack/msgpack/adaptor/cpp11/unordered_map.hpp
241 silly gunzTarPerm modified mode [ 'deps/msgpack/msgpack/adaptor/cpp11/unordered_map.hpp',
241 silly gunzTarPerm   420,
241 silly gunzTarPerm   438 ]
242 silly gunzTarPerm extractEntry nan.h
243 silly gunzTarPerm modified mode [ 'nan.h', 436, 438 ]
244 silly gunzTarPerm extractEntry nan_callbacks.h
245 silly gunzTarPerm modified mode [ 'nan_callbacks.h', 436, 438 ]
246 silly gunzTarPerm extractEntry nan_callbacks_12_inl.h
247 silly gunzTarPerm modified mode [ 'nan_callbacks_12_inl.h', 436, 438 ]
248 silly gunzTarPerm extractEntry nan_callbacks_pre_12_inl.h
249 silly gunzTarPerm modified mode [ 'nan_callbacks_pre_12_inl.h', 436, 438 ]
250 silly gunzTarPerm extractEntry nan_converters_43_inl.h
251 silly gunzTarPerm modified mode [ 'nan_converters_43_inl.h', 436, 438 ]
252 silly gunzTarPerm extractEntry nan_converters_pre_43_inl.h
253 silly gunzTarPerm modified mode [ 'nan_converters_pre_43_inl.h', 436, 438 ]
254 silly gunzTarPerm extractEntry nan_implementation_12_inl.h
255 silly gunzTarPerm modified mode [ 'nan_implementation_12_inl.h', 436, 438 ]
256 silly gunzTarPerm extractEntry nan_implementation_pre_12_inl.h
257 silly gunzTarPerm modified mode [ 'nan_implementation_pre_12_inl.h', 436, 438 ]
258 silly gunzTarPerm extractEntry nan_maybe_43_inl.h
259 silly gunzTarPerm modified mode [ 'nan_maybe_43_inl.h', 436, 438 ]
260 silly gunzTarPerm extractEntry nan_maybe_pre_43_inl.h
261 silly gunzTarPerm modified mode [ 'nan_maybe_pre_43_inl.h', 436, 438 ]
262 silly gunzTarPerm extractEntry nan_new.h
263 silly gunzTarPerm modified mode [ 'nan_new.h', 436, 438 ]
264 silly gunzTarPerm extractEntry nan_object_wrap.h
265 silly gunzTarPerm modified mode [ 'nan_object_wrap.h', 436, 438 ]
266 silly gunzTarPerm extractEntry nan_persistent_12_inl.h
267 silly gunzTarPerm modified mode [ 'nan_persistent_12_inl.h', 436, 438 ]
268 silly gunzTarPerm extractEntry nan_persistent_pre_12_inl.h
269 silly gunzTarPerm modified mode [ 'nan_persistent_pre_12_inl.h', 436, 438 ]
270 silly gunzTarPerm extractEntry nan_string_bytes.h
271 silly gunzTarPerm modified mode [ 'nan_string_bytes.h', 436, 438 ]
272 silly gunzTarPerm extractEntry nan_typedarray_contents.h
273 silly gunzTarPerm modified mode [ 'nan_typedarray_contents.h', 436, 438 ]
274 silly gunzTarPerm extractEntry nan_weak.h
275 silly gunzTarPerm modified mode [ 'nan_weak.h', 436, 438 ]
276 silly gunzTarPerm extractEntry CHANGELOG.md
277 silly gunzTarPerm modified mode [ 'CHANGELOG.md', 436, 438 ]
278 silly gunzTarPerm extractEntry tools/package.json
279 silly gunzTarPerm modified mode [ 'tools/package.json', 436, 438 ]
280 silly gunzTarPerm extractEntry tools/README.md
281 silly gunzTarPerm modified mode [ 'tools/README.md', 436, 438 ]
282 silly gunzTarPerm extractEntry tools/1to2.js
283 silly gunzTarPerm modified mode [ 'tools/1to2.js', 509, 511 ]
284 silly gunzTarPerm extractEntry deps/msgpack/msgpack/adaptor/cpp11/unordered_set.hpp
285 silly gunzTarPerm modified mode [ 'deps/msgpack/msgpack/adaptor/cpp11/unordered_set.hpp',
285 silly gunzTarPerm   420,
285 silly gunzTarPerm   438 ]
286 silly gunzTarPerm extractEntry deps/msgpack/msgpack/adaptor/define.hpp
287 silly gunzTarPerm modified mode [ 'deps/msgpack/msgpack/adaptor/define.hpp', 420, 438 ]
288 silly gunzTarPerm extractEntry deps/msgpack/msgpack/adaptor/deque.hpp
289 silly gunzTarPerm modified mode [ 'deps/msgpack/msgpack/adaptor/deque.hpp', 420, 438 ]
290 silly gunzTarPerm extractEntry deps/msgpack/msgpack/adaptor/detail/cpp03_define.hpp
291 silly gunzTarPerm modified mode [ 'deps/msgpack/msgpack/adaptor/detail/cpp03_define.hpp',
291 silly gunzTarPerm   420,
291 silly gunzTarPerm   438 ]
292 silly gunzTarPerm extractEntry deps/msgpack/msgpack/adaptor/detail/cpp03_msgpack_tuple.hpp
293 silly gunzTarPerm modified mode [ 'deps/msgpack/msgpack/adaptor/detail/cpp03_msgpack_tuple.hpp',
293 silly gunzTarPerm   420,
293 silly gunzTarPerm   438 ]
294 silly gunzTarPerm extractEntry deps/msgpack/msgpack/adaptor/detail/cpp11_define.hpp
295 silly gunzTarPerm modified mode [ 'deps/msgpack/msgpack/adaptor/detail/cpp11_define.hpp',
295 silly gunzTarPerm   420,
295 silly gunzTarPerm   438 ]
296 silly gunzTarPerm extractEntry deps/msgpack/msgpack/adaptor/detail/cpp11_msgpack_tuple.hpp
297 silly gunzTarPerm modified mode [ 'deps/msgpack/msgpack/adaptor/detail/cpp11_msgpack_tuple.hpp',
297 silly gunzTarPerm   420,
297 silly gunzTarPerm   438 ]
298 silly gunzTarPerm extractEntry deps/msgpack/msgpack/adaptor/fixint.hpp
299 silly gunzTarPerm modified mode [ 'deps/msgpack/msgpack/adaptor/fixint.hpp', 420, 438 ]
300 silly gunzTarPerm extractEntry deps/msgpack/msgpack/adaptor/float.hpp
301 silly gunzTarPerm modified mode [ 'deps/msgpack/msgpack/adaptor/float.hpp', 420, 438 ]
302 silly gunzTarPerm extractEntry deps/msgpack/msgpack/adaptor/int.hpp
303 silly gunzTarPerm modified mode [ 'deps/msgpack/msgpack/adaptor/int.hpp', 420, 438 ]
304 silly gunzTarPerm extractEntry deps/msgpack/msgpack/adaptor/bool.hpp
305 silly gunzTarPerm modified mode [ 'deps/msgpack/msgpack/adaptor/bool.hpp', 420, 438 ]
306 silly gunzTarPerm extractEntry deps/msgpack/msgpack/adaptor/map.hpp
307 silly gunzTarPerm modified mode [ 'deps/msgpack/msgpack/adaptor/map.hpp', 420, 438 ]
308 silly gunzTarPerm extractEntry deps/msgpack/msgpack/adaptor/msgpack_tuple.hpp
309 silly gunzTarPerm modified mode [ 'deps/msgpack/msgpack/adaptor/msgpack_tuple.hpp', 420, 438 ]
310 silly gunzTarPerm extractEntry deps/msgpack/msgpack/adaptor/nil.hpp
311 silly gunzTarPerm modified mode [ 'deps/msgpack/msgpack/adaptor/nil.hpp', 420, 438 ]
312 silly gunzTarPerm extractEntry deps/msgpack/msgpack/adaptor/pair.hpp
313 silly gunzTarPerm modified mode [ 'deps/msgpack/msgpack/adaptor/pair.hpp', 420, 438 ]
314 silly gunzTarPerm extractEntry deps/msgpack/msgpack/adaptor/raw.hpp
315 silly gunzTarPerm modified mode [ 'deps/msgpack/msgpack/adaptor/raw.hpp', 420, 438 ]
316 silly gunzTarPerm extractEntry deps/msgpack/msgpack/adaptor/set.hpp
317 silly gunzTarPerm modified mode [ 'deps/msgpack/msgpack/adaptor/set.hpp', 420, 438 ]
318 silly gunzTarPerm extractEntry deps/msgpack/msgpack/adaptor/string.hpp
319 silly gunzTarPerm modified mode [ 'deps/msgpack/msgpack/adaptor/string.hpp', 420, 438 ]
320 silly gunzTarPerm extractEntry deps/msgpack/msgpack/adaptor/tr1/unordered_map.hpp
321 silly gunzTarPerm modified mode [ 'deps/msgpack/msgpack/adaptor/tr1/unordered_map.hpp',
321 silly gunzTarPerm   420,
321 silly gunzTarPerm   438 ]
322 silly gunzTarPerm extractEntry deps/msgpack/msgpack/adaptor/tr1/unordered_set.hpp
323 silly gunzTarPerm modified mode [ 'deps/msgpack/msgpack/adaptor/tr1/unordered_set.hpp',
323 silly gunzTarPerm   420,
323 silly gunzTarPerm   438 ]
324 silly gunzTarPerm extractEntry deps/msgpack/msgpack/adaptor/vector.hpp
325 silly gunzTarPerm modified mode [ 'deps/msgpack/msgpack/adaptor/vector.hpp', 420, 438 ]
326 silly gunzTarPerm extractEntry deps/msgpack/msgpack/adaptor/vector_bool.hpp
327 silly gunzTarPerm modified mode [ 'deps/msgpack/msgpack/adaptor/vector_bool.hpp', 420, 438 ]
328 silly gunzTarPerm extractEntry deps/msgpack/msgpack/adaptor/vector_char.hpp
329 silly gunzTarPerm modified mode [ 'deps/msgpack/msgpack/adaptor/vector_char.hpp', 420, 438 ]
330 silly gunzTarPerm extractEntry deps/msgpack/msgpack/detail/cpp03_zone.hpp
331 silly gunzTarPerm modified mode [ 'deps/msgpack/msgpack/detail/cpp03_zone.hpp', 420, 438 ]
332 silly gunzTarPerm extractEntry deps/msgpack/msgpack/detail/cpp11_zone.hpp
333 silly gunzTarPerm modified mode [ 'deps/msgpack/msgpack/detail/cpp11_zone.hpp', 420, 438 ]
334 silly gunzTarPerm extractEntry deps/msgpack/msgpack/fbuffer.h
335 silly gunzTarPerm modified mode [ 'deps/msgpack/msgpack/fbuffer.h', 420, 438 ]
336 silly gunzTarPerm extractEntry deps/msgpack/msgpack/fbuffer.hpp
337 silly gunzTarPerm modified mode [ 'deps/msgpack/msgpack/fbuffer.hpp', 420, 438 ]
338 silly gunzTarPerm extractEntry deps/msgpack/msgpack/gcc_atomic.h
339 silly gunzTarPerm modified mode [ 'deps/msgpack/msgpack/gcc_atomic.h', 420, 438 ]
340 silly gunzTarPerm extractEntry deps/msgpack/msgpack/iterator.hpp
341 silly gunzTarPerm modified mode [ 'deps/msgpack/msgpack/iterator.hpp', 420, 438 ]
342 silly gunzTarPerm extractEntry deps/msgpack/msgpack/object.h
343 silly gunzTarPerm modified mode [ 'deps/msgpack/msgpack/object.h', 420, 438 ]
344 silly gunzTarPerm extractEntry deps/msgpack/msgpack/object.hpp
345 silly gunzTarPerm modified mode [ 'deps/msgpack/msgpack/object.hpp', 420, 438 ]
346 silly gunzTarPerm extractEntry deps/msgpack/msgpack/object_fwd.hpp
347 silly gunzTarPerm modified mode [ 'deps/msgpack/msgpack/object_fwd.hpp', 420, 438 ]
348 silly gunzTarPerm extractEntry deps/msgpack/msgpack/pack.h
349 silly gunzTarPerm modified mode [ 'deps/msgpack/msgpack/pack.h', 420, 438 ]
350 silly gunzTarPerm extractEntry deps/msgpack/msgpack/pack.hpp
351 silly gunzTarPerm modified mode [ 'deps/msgpack/msgpack/pack.hpp', 420, 438 ]
352 silly gunzTarPerm extractEntry deps/msgpack/msgpack/pack_define.h
353 silly gunzTarPerm modified mode [ 'deps/msgpack/msgpack/pack_define.h', 420, 438 ]
354 silly gunzTarPerm extractEntry deps/msgpack/msgpack/pack_template.h
355 silly gunzTarPerm modified mode [ 'deps/msgpack/msgpack/pack_template.h', 420, 438 ]
356 silly gunzTarPerm extractEntry deps/msgpack/msgpack/sbuffer.h
357 silly gunzTarPerm modified mode [ 'deps/msgpack/msgpack/sbuffer.h', 420, 438 ]
358 silly gunzTarPerm extractEntry deps/msgpack/msgpack/sbuffer.hpp
359 silly gunzTarPerm modified mode [ 'deps/msgpack/msgpack/sbuffer.hpp', 420, 438 ]
360 silly gunzTarPerm extractEntry deps/msgpack/msgpack/cpp_config.hpp
361 silly gunzTarPerm modified mode [ 'deps/msgpack/msgpack/cpp_config.hpp', 420, 438 ]
362 silly gunzTarPerm extractEntry deps/msgpack/msgpack/type.hpp
363 silly gunzTarPerm modified mode [ 'deps/msgpack/msgpack/type.hpp', 420, 438 ]
364 silly gunzTarPerm extractEntry deps/msgpack/msgpack/unpack.h
365 silly gunzTarPerm modified mode [ 'deps/msgpack/msgpack/unpack.h', 420, 438 ]
366 silly gunzTarPerm extractEntry deps/msgpack/msgpack/unpack.hpp
367 silly gunzTarPerm modified mode [ 'deps/msgpack/msgpack/unpack.hpp', 420, 438 ]
368 silly gunzTarPerm extractEntry deps/msgpack/msgpack/unpack_define.h
369 silly gunzTarPerm modified mode [ 'deps/msgpack/msgpack/unpack_define.h', 420, 438 ]
370 silly gunzTarPerm extractEntry deps/msgpack/msgpack/unpack_template.h
371 silly gunzTarPerm modified mode [ 'deps/msgpack/msgpack/unpack_template.h', 420, 438 ]
372 silly gunzTarPerm extractEntry deps/msgpack/msgpack/util.h
373 silly gunzTarPerm modified mode [ 'deps/msgpack/msgpack/util.h', 420, 438 ]
374 silly gunzTarPerm extractEntry deps/msgpack/msgpack/version.h
375 silly gunzTarPerm modified mode [ 'deps/msgpack/msgpack/version.h', 420, 438 ]
376 silly gunzTarPerm extractEntry deps/msgpack/msgpack/version.hpp
377 silly gunzTarPerm modified mode [ 'deps/msgpack/msgpack/version.hpp', 420, 438 ]
378 silly gunzTarPerm extractEntry deps/msgpack/msgpack/version_master.h
379 silly gunzTarPerm modified mode [ 'deps/msgpack/msgpack/version_master.h', 420, 438 ]
380 silly gunzTarPerm extractEntry deps/msgpack/msgpack/versioning.hpp
381 silly gunzTarPerm modified mode [ 'deps/msgpack/msgpack/versioning.hpp', 420, 438 ]
382 silly gunzTarPerm extractEntry deps/msgpack/msgpack/vrefbuffer.h
383 silly gunzTarPerm modified mode [ 'deps/msgpack/msgpack/vrefbuffer.h', 420, 438 ]
384 silly gunzTarPerm extractEntry deps/msgpack/msgpack/vrefbuffer.hpp
385 silly gunzTarPerm modified mode [ 'deps/msgpack/msgpack/vrefbuffer.hpp', 420, 438 ]
386 silly gunzTarPerm extractEntry deps/msgpack/msgpack/zbuffer.h
387 silly gunzTarPerm modified mode [ 'deps/msgpack/msgpack/zbuffer.h', 420, 438 ]
388 silly gunzTarPerm extractEntry deps/msgpack/msgpack/zbuffer.hpp
389 silly gunzTarPerm modified mode [ 'deps/msgpack/msgpack/zbuffer.hpp', 420, 438 ]
390 silly gunzTarPerm extractEntry deps/msgpack/msgpack/zone.h
391 silly gunzTarPerm modified mode [ 'deps/msgpack/msgpack/zone.h', 420, 438 ]
392 silly gunzTarPerm extractEntry deps/msgpack/msgpack/zone.hpp
393 silly gunzTarPerm modified mode [ 'deps/msgpack/msgpack/zone.hpp', 420, 438 ]
394 silly gunzTarPerm extractEntry deps/msgpack/msgpack.gyp
395 silly gunzTarPerm modified mode [ 'deps/msgpack/msgpack.gyp', 420, 438 ]
396 silly gunzTarPerm extractEntry deps/msgpack/COPYING
397 silly gunzTarPerm modified mode [ 'deps/msgpack/COPYING', 420, 438 ]
398 silly gunzTarPerm extractEntry deps/msgpack/msgpack.hpp
399 silly gunzTarPerm modified mode [ 'deps/msgpack/msgpack.hpp', 420, 438 ]
400 silly gunzTarPerm extractEntry deps/msgpack/objectc.c
401 silly gunzTarPerm modified mode [ 'deps/msgpack/objectc.c', 420, 438 ]
402 silly gunzTarPerm extractEntry deps/msgpack/unpack.c
403 silly gunzTarPerm modified mode [ 'deps/msgpack/unpack.c', 420, 438 ]
404 silly gunzTarPerm extractEntry deps/msgpack/version.c
405 silly gunzTarPerm modified mode [ 'deps/msgpack/version.c', 420, 438 ]
406 silly gunzTarPerm extractEntry deps/msgpack/vrefbuffer.c
407 silly gunzTarPerm modified mode [ 'deps/msgpack/vrefbuffer.c', 420, 438 ]
408 silly gunzTarPerm extractEntry deps/msgpack/zone.c
409 silly gunzTarPerm modified mode [ 'deps/msgpack/zone.c', 420, 438 ]
410 silly gunzTarPerm extractEntry lib/msgpack.js
411 silly gunzTarPerm modified mode [ 'lib/msgpack.js', 420, 438 ]
412 silly gunzTarPerm extractEntry src/msgpack.cc
413 silly gunzTarPerm modified mode [ 'src/msgpack.cc', 420, 438 ]
414 silly gunzTarPerm extractEntry .travis.yml
415 silly gunzTarPerm modified mode [ '.travis.yml', 420, 438 ]
416 silly gunzTarPerm extractEntry run_tests
417 silly gunzTarPerm modified mode [ 'run_tests', 493, 511 ]
418 silly gunzTarPerm extractEntry test/regression.js
419 silly gunzTarPerm modified mode [ 'test/regression.js', 420, 438 ]
420 silly gunzTarPerm extractEntry test/benchmark/benchmark.js
421 silly gunzTarPerm modified mode [ 'test/benchmark/benchmark.js', 420, 438 ]
422 silly gunzTarPerm extractEntry test/fixtures/stub.js
423 silly gunzTarPerm modified mode [ 'test/fixtures/stub.js', 420, 438 ]
424 silly gunzTarPerm extractEntry test/lib/msgpack.js
425 silly gunzTarPerm modified mode [ 'test/lib/msgpack.js', 420, 438 ]
426 silly doParallel preinstall 2
427 silly preinstall nan@2.1.0 C:\work\projects\pine\vogue\node_modules\.staging\nan-409e8af83b49cc4131e95e5208709f54
428 info lifecycle nan@2.1.0~preinstall: nan@2.1.0
429 silly preinstall msgpack@1.0.2 C:\work\projects\pine\vogue\node_modules\.staging\msgpack-56f11ebc77a2f13fa1cb1b8b3ea0a6ad
430 info lifecycle msgpack@1.0.2~preinstall: msgpack@1.0.2
431 silly lifecycle nan@2.1.0~preinstall: no script for preinstall, continuing
432 silly lifecycle msgpack@1.0.2~preinstall: no script for preinstall, continuing
433 silly doReverseSerial remove 0
434 silly doSerial move 0
435 silly doSerial finalize 2
436 silly finalize C:\work\projects\pine\vogue\node_modules\nan
437 silly finalize C:\work\projects\pine\vogue\node_modules\msgpack
438 silly doSerial build 2
439 silly build nan@2.1.0
440 info linkStuff nan@2.1.0
441 silly linkStuff nan@2.1.0 has C:\work\projects\pine\vogue\node_modules as its parent node_modules
442 verbose linkBins nan@2.1.0
443 verbose linkMans nan@2.1.0
444 silly build msgpack@1.0.2
445 info linkStuff msgpack@1.0.2
446 silly linkStuff msgpack@1.0.2 has C:\work\projects\pine\vogue\node_modules as its parent node_modules
447 verbose linkBins msgpack@1.0.2
448 verbose link bins [ { json2msgpack: './bin/json2msgpack',
448 verbose link bins     msgpack2json: './bin/msgpack2json' },
448 verbose link bins   'C:\\work\\projects\\pine\\vogue\\node_modules\\.bin',
448 verbose link bins   false ]
449 verbose linkMans msgpack@1.0.2
450 silly doSerial global-link 0
451 silly doParallel update-linked 0
452 silly doSerial install 2
453 silly install nan@2.1.0 C:\work\projects\pine\vogue\node_modules\.staging\nan-409e8af83b49cc4131e95e5208709f54
454 info lifecycle nan@2.1.0~install: nan@2.1.0
455 silly lifecycle nan@2.1.0~install: no script for install, continuing
456 silly install msgpack@1.0.2 C:\work\projects\pine\vogue\node_modules\.staging\msgpack-56f11ebc77a2f13fa1cb1b8b3ea0a6ad
457 info lifecycle msgpack@1.0.2~install: msgpack@1.0.2
458 verbose lifecycle msgpack@1.0.2~install: unsafe-perm in lifecycle true
459 verbose lifecycle msgpack@1.0.2~install: PATH: D:\nodejs\node_modules\npm\bin\node-gyp-bin;C:\work\projects\pine\vogue\node_modules\msgpack\node_modules\.bin;C:\work\projects\pine\vogue\node_modules\.bin;D:\cmder_mini\vendor\conemu-maximus5;D:\cmder_mini\vendor\conemu-maximus5\ConEmu;C:\Program Files (x86)\GnuWin32\bin;C:\Program Files (x86)\RBTools\bin;D:\CollabNet\Subversion Client;C:\Windows\system32;C:\Windows;C:\Windows\System32\Wbem;C:\Windows\System32\WindowsPowerShell\v1.0\;D:\Java\jdk1.8.0_51\bin;D:\apache-maven-3.3.3\bin;D:\Python27;D:\Git\bin;C:\ProgramData\chocolatey\bin;D:\AStyle\bin;D:\SlikSvn\bin;D:\scala\bin;D:\Kivy-1.9.0-py2.7-win32-x86;D:\MultiMarkdown 4.7.1\bin;D:\MariaDB 10.0\bin;D:\Brackets\command;D:\gradle-2.7\bin;D:\cmder_mini;D:\nodejs\;C:\Windows\Microsoft.NET\Framework\v2.0.50727;C:\Users\Administrator\AppData\Local\Pandoc\;C:\Users\Administrator\AppData\Roaming\npm
460 verbose lifecycle msgpack@1.0.2~install: CWD: C:\work\projects\pine\vogue\node_modules\msgpack
461 silly lifecycle msgpack@1.0.2~install: Args: [ '/d /s /c', 'node-gyp rebuild' ]
462 silly lifecycle msgpack@1.0.2~install: Returned: code: 1  signal: null
463 info lifecycle msgpack@1.0.2~install: Failed to exec install script
464 verbose unlock done using C:\Users\Administrator\AppData\Roaming\npm-cache\_locks\staging-4814ff856ddc97f3.lock for C:\work\projects\pine\vogue\node_modules\.staging
465 silly rollbackFailedOptional Starting
466 silly rollbackFailedOptional Finishing
467 silly runTopLevelLifecycles Starting
468 silly runTopLevelLifecycles Finishing
469 silly install printInstalled
470 verbose stack Error: msgpack@1.0.2 install: `node-gyp rebuild`
470 verbose stack Exit status 1
470 verbose stack     at EventEmitter.<anonymous> (D:\nodejs\node_modules\npm\lib\utils\lifecycle.js:232:16)
470 verbose stack     at emitTwo (events.js:87:13)
470 verbose stack     at EventEmitter.emit (events.js:172:7)
470 verbose stack     at ChildProcess.<anonymous> (D:\nodejs\node_modules\npm\lib\utils\spawn.js:24:14)
470 verbose stack     at emitTwo (events.js:87:13)
470 verbose stack     at ChildProcess.emit (events.js:172:7)
470 verbose stack     at maybeClose (internal/child_process.js:818:16)
470 verbose stack     at Process.ChildProcess._handle.onexit (internal/child_process.js:211:5)
471 verbose pkgid msgpack@1.0.2
472 verbose cwd C:\work\projects\pine\vogue
473 error Windows_NT 6.1.7601
474 error argv "D:\\nodejs\\node.exe" "D:\\nodejs\\node_modules\\npm\\bin\\npm-cli.js" "install" "msgpack"
475 error node v5.1.1
476 error npm  v3.3.12
477 error code ELIFECYCLE
478 error msgpack@1.0.2 install: `node-gyp rebuild`
478 error Exit status 1
479 error Failed at the msgpack@1.0.2 install script 'node-gyp rebuild'.
479 error Make sure you have the latest version of node.js and npm installed.
479 error If you do, this is most likely a problem with the msgpack package,
479 error not with npm itself.
479 error Tell the author that this fails on your system:
479 error     node-gyp rebuild
479 error You can get their info via:
479 error     npm owner ls msgpack
479 error There is likely additional logging output above.
480 verbose exit [ 1, true ]
