0 info it worked if it ends with ok
1 verbose cli [ 'D:\\nodejs\\node.exe',
1 verbose cli   'D:\\nodejs\\node_modules\\npm\\bin\\npm-cli.js',
1 verbose cli   'install' ]
2 info using npm@3.3.12
3 info using node@v5.1.1
4 silly loadCurrentTree Starting
5 silly install loadCurrentTree
6 silly install readLocalPackageData
7 silly install normalizeTree
8 silly loadCurrentTree Finishing
9 silly loadIdealTree Starting
10 silly install loadIdealTree
11 silly cloneCurrentTree Starting
12 silly install cloneCurrentTreeToIdealTree
13 silly cloneCurrentTree Finishing
14 silly loadShrinkwrap Starting
15 silly install loadShrinkwrap
16 silly loadShrinkwrap Finishing
17 silly loadAllDepsIntoIdealTree Starting
18 silly install loadAllDepsIntoIdealTree
19 silly loadAllDepsIntoIdealTree Finishing
20 silly idealTree:prePrune grpc@0.12.0
20 silly idealTree:prePrune ├── abbrev@1.0.7
20 silly idealTree:prePrune ├── align-text@0.1.3
20 silly idealTree:prePrune ├── amdefine@1.0.0
20 silly idealTree:prePrune ├── ansi-regex@2.0.0
20 silly idealTree:prePrune ├── ansi-styles@2.1.0
20 silly idealTree:prePrune ├── ansi@0.3.0
20 silly idealTree:prePrune ├── are-we-there-yet@1.0.5
20 silly idealTree:prePrune ├── argparse@1.0.3
20 silly idealTree:prePrune ├── array-index@0.1.1
20 silly idealTree:prePrune ├── ascli@1.0.0
20 silly idealTree:prePrune ├── asn1.js@2.2.1
20 silly idealTree:prePrune ├── asn1@0.1.11
20 silly idealTree:prePrune ├── assert-plus@0.1.5
20 silly idealTree:prePrune ├── async@0.9.2
20 silly idealTree:prePrune ├── aws-sign2@0.5.0
20 silly idealTree:prePrune ├── balanced-match@0.3.0
20 silly idealTree:prePrune ├── base64-url@1.2.1
20 silly idealTree:prePrune ├── base64url@1.0.5
20 silly idealTree:prePrune ├── bindings@1.2.1
20 silly idealTree:prePrune ├─┬ bl@1.0.0
20 silly idealTree:prePrune │ └── readable-stream@2.0.4
20 silly idealTree:prePrune ├── block-stream@0.0.8
20 silly idealTree:prePrune ├── bluebird@2.10.2
20 silly idealTree:prePrune ├── bn.js@2.2.0
20 silly idealTree:prePrune ├── boom@2.10.1
20 silly idealTree:prePrune ├── brace-expansion@1.1.2
20 silly idealTree:prePrune ├── buffer-equal-constant-time@1.0.1
20 silly idealTree:prePrune ├── bufferview@1.0.1
20 silly idealTree:prePrune ├── bytebuffer@4.1.0
20 silly idealTree:prePrune ├─┬ camelcase-keys@1.0.0
20 silly idealTree:prePrune │ └── camelcase@1.2.1
20 silly idealTree:prePrune ├── camelcase@2.0.1
20 silly idealTree:prePrune ├── caseless@0.11.0
20 silly idealTree:prePrune ├── catharsis@0.8.7
20 silly idealTree:prePrune ├── center-align@0.1.2
20 silly idealTree:prePrune ├── chalk@1.1.1
20 silly idealTree:prePrune ├─┬ cli@0.6.6
20 silly idealTree:prePrune │ ├── glob@3.2.11
20 silly idealTree:prePrune │ └── minimatch@0.3.0
20 silly idealTree:prePrune ├── cliui@3.1.0
20 silly idealTree:prePrune ├── code-point-at@1.0.0
20 silly idealTree:prePrune ├── colour@0.7.1
20 silly idealTree:prePrune ├── combined-stream@1.0.5
20 silly idealTree:prePrune ├── commander@2.9.0
20 silly idealTree:prePrune ├── concat-map@0.0.1
20 silly idealTree:prePrune ├── concat-stream@1.4.10
20 silly idealTree:prePrune ├── console-browserify@1.1.0
20 silly idealTree:prePrune ├── core-util-is@1.0.2
20 silly idealTree:prePrune ├── cryptiles@2.0.5
20 silly idealTree:prePrune ├── ctype@0.5.3
20 silly idealTree:prePrune ├── date-now@0.1.4
20 silly idealTree:prePrune ├── debug@2.0.0
20 silly idealTree:prePrune ├── decamelize@1.1.1
20 silly idealTree:prePrune ├── deep-is@0.1.3
20 silly idealTree:prePrune ├── delayed-stream@1.0.0
20 silly idealTree:prePrune ├── delegates@0.1.0
20 silly idealTree:prePrune ├── diff@1.0.8
20 silly idealTree:prePrune ├─┬ dom-serializer@0.1.0
20 silly idealTree:prePrune │ ├── domelementtype@1.1.3
20 silly idealTree:prePrune │ └── entities@1.1.1
20 silly idealTree:prePrune ├── domelementtype@1.3.0
20 silly idealTree:prePrune ├── domhandler@2.3.0
20 silly idealTree:prePrune ├── domutils@1.5.1
20 silly idealTree:prePrune ├── ecdsa-sig-formatter@1.0.2
20 silly idealTree:prePrune ├── entities@1.0.0
20 silly idealTree:prePrune ├── escape-string-regexp@1.0.3
20 silly idealTree:prePrune ├─┬ escodegen@1.7.1
20 silly idealTree:prePrune │ └── esprima@1.2.5
20 silly idealTree:prePrune ├── esprima@2.5.0
20 silly idealTree:prePrune ├── estraverse@1.9.3
20 silly idealTree:prePrune ├── esutils@2.0.2
20 silly idealTree:prePrune ├── exit@0.1.2
20 silly idealTree:prePrune ├── extend@3.0.0
20 silly idealTree:prePrune ├── fast-levenshtein@1.0.7
20 silly idealTree:prePrune ├─┬ fileset@0.2.1
20 silly idealTree:prePrune │ └── minimatch@2.0.10
20 silly idealTree:prePrune ├── forever-agent@0.6.1
20 silly idealTree:prePrune ├─┬ form-data@1.0.0-rc3
20 silly idealTree:prePrune │ └── async@1.5.0
20 silly idealTree:prePrune ├─┬ fstream@1.0.8
20 silly idealTree:prePrune │ └── graceful-fs@4.1.2
20 silly idealTree:prePrune ├── gauge@1.2.2
20 silly idealTree:prePrune ├── generate-function@2.0.0
20 silly idealTree:prePrune ├── generate-object-property@1.2.0
20 silly idealTree:prePrune ├── get-stdin@4.0.1
20 silly idealTree:prePrune ├── glob@5.0.15
20 silly idealTree:prePrune ├─┬ google-auth-library@0.9.7
20 silly idealTree:prePrune │ └── async@1.4.2
20 silly idealTree:prePrune ├── google-p12-pem@0.1.0
20 silly idealTree:prePrune ├── graceful-fs@2.0.3
20 silly idealTree:prePrune ├── graceful-readlink@1.0.1
20 silly idealTree:prePrune ├── growl@1.8.1
20 silly idealTree:prePrune ├── gtoken@1.2.0
20 silly idealTree:prePrune ├─┬ handlebars@4.0.5
20 silly idealTree:prePrune │ ├── async@1.5.0
20 silly idealTree:prePrune │ └── source-map@0.4.4
20 silly idealTree:prePrune ├── har-validator@1.8.0
20 silly idealTree:prePrune ├── has-ansi@2.0.0
20 silly idealTree:prePrune ├── has-flag@1.0.0
20 silly idealTree:prePrune ├── has-unicode@1.0.1
20 silly idealTree:prePrune ├── hawk@3.1.2
20 silly idealTree:prePrune ├── hoek@2.16.3
20 silly idealTree:prePrune ├── htmlparser2@3.8.3
20 silly idealTree:prePrune ├── http-signature@0.11.0
20 silly idealTree:prePrune ├── indent-string@1.2.2
20 silly idealTree:prePrune ├── inflight@1.0.4
20 silly idealTree:prePrune ├── inherit@2.2.2
20 silly idealTree:prePrune ├── inherits@2.0.1
20 silly idealTree:prePrune ├── invert-kv@1.0.0
20 silly idealTree:prePrune ├── is-absolute@0.1.7
20 silly idealTree:prePrune ├── is-buffer@1.1.0
20 silly idealTree:prePrune ├── is-finite@1.0.1
20 silly idealTree:prePrune ├── is-fullwidth-code-point@1.0.0
20 silly idealTree:prePrune ├── is-my-json-valid@2.12.3
20 silly idealTree:prePrune ├── is-property@1.0.2
20 silly idealTree:prePrune ├── is-relative@0.1.3
20 silly idealTree:prePrune ├── isarray@0.0.1
20 silly idealTree:prePrune ├── isstream@0.1.2
20 silly idealTree:prePrune ├─┬ istanbul@0.3.22
20 silly idealTree:prePrune │ ├── async@1.5.0
20 silly idealTree:prePrune │ └── supports-color@3.1.2
20 silly idealTree:prePrune ├─┬ jade@0.26.3
20 silly idealTree:prePrune │ ├── commander@0.6.1
20 silly idealTree:prePrune │ └── mkdirp@0.3.0
20 silly idealTree:prePrune ├─┬ js-yaml@3.4.6
20 silly idealTree:prePrune │ └── esprima@2.7.0
20 silly idealTree:prePrune ├── js2xmlparser@1.0.0
20 silly idealTree:prePrune ├─┬ jsdoc@3.4.0
20 silly idealTree:prePrune │ ├── async@1.4.2
20 silly idealTree:prePrune │ ├── bluebird@2.9.34
20 silly idealTree:prePrune │ └── espree@2.2.5
20 silly idealTree:prePrune ├─┬ jshint@2.8.0
20 silly idealTree:prePrune │ ├── lodash@3.7.0
20 silly idealTree:prePrune │ └── minimatch@2.0.10
20 silly idealTree:prePrune ├── json-stringify-safe@5.0.1
20 silly idealTree:prePrune ├── jsonpointer@2.0.0
20 silly idealTree:prePrune ├─┬ jwa@1.0.2
20 silly idealTree:prePrune │ └── base64url@0.0.6
20 silly idealTree:prePrune ├── jws@3.0.0
20 silly idealTree:prePrune ├── kind-of@2.0.1
20 silly idealTree:prePrune ├── lazy-cache@0.2.4
20 silly idealTree:prePrune ├── lcid@1.0.0
20 silly idealTree:prePrune ├── levn@0.2.5
20 silly idealTree:prePrune ├── lodash._basetostring@3.0.1
20 silly idealTree:prePrune ├── lodash._createpadding@3.6.1
20 silly idealTree:prePrune ├── lodash.noop@3.0.0
20 silly idealTree:prePrune ├── lodash.pad@3.1.1
20 silly idealTree:prePrune ├── lodash.padleft@3.1.1
20 silly idealTree:prePrune ├── lodash.padright@3.1.1
20 silly idealTree:prePrune ├── lodash.repeat@3.0.1
20 silly idealTree:prePrune ├── lodash@3.10.1
20 silly idealTree:prePrune ├── long@2.4.0
20 silly idealTree:prePrune ├── longest@1.0.1
20 silly idealTree:prePrune ├── lru-cache@2.7.3
20 silly idealTree:prePrune ├── map-obj@1.0.1
20 silly idealTree:prePrune ├── marked@0.3.5
20 silly idealTree:prePrune ├── meow@2.0.0
20 silly idealTree:prePrune ├── mime-db@1.20.0
20 silly idealTree:prePrune ├── mime-types@2.1.8
20 silly idealTree:prePrune ├── mime@1.3.4
20 silly idealTree:prePrune ├── minimalistic-assert@1.0.0
20 silly idealTree:prePrune ├── minimatch@3.0.0
20 silly idealTree:prePrune ├── minimist@1.2.0
20 silly idealTree:prePrune ├─┬ mkdirp@0.5.1
20 silly idealTree:prePrune │ └── minimist@0.0.8
20 silly idealTree:prePrune ├─┬ mocha-jenkins-reporter@0.1.9
20 silly idealTree:prePrune │ ├── commander@2.3.0
20 silly idealTree:prePrune │ ├── debug@2.2.0
20 silly idealTree:prePrune │ ├── diff@1.0.7
20 silly idealTree:prePrune │ ├── escape-string-regexp@1.0.2
20 silly idealTree:prePrune │ ├── glob@3.2.3
20 silly idealTree:prePrune │ ├── minimatch@0.2.14
20 silly idealTree:prePrune │ ├── minimist@0.0.8
20 silly idealTree:prePrune │ ├── mkdirp@0.5.0
20 silly idealTree:prePrune │ ├─┬ mocha@2.3.4
20 silly idealTree:prePrune │ │ └── diff@1.4.0
20 silly idealTree:prePrune │ ├── ms@0.7.1
20 silly idealTree:prePrune │ └── supports-color@1.2.0
20 silly idealTree:prePrune ├─┬ mocha@1.21.5
20 silly idealTree:prePrune │ ├── commander@2.3.0
20 silly idealTree:prePrune │ ├── escape-string-regexp@1.0.2
20 silly idealTree:prePrune │ ├── glob@3.2.3
20 silly idealTree:prePrune │ ├── minimatch@0.2.14
20 silly idealTree:prePrune │ ├── minimist@0.0.8
20 silly idealTree:prePrune │ └── mkdirp@0.5.0
20 silly idealTree:prePrune ├── ms@0.6.2
20 silly idealTree:prePrune ├── mustache@2.2.0
20 silly idealTree:prePrune ├── nan@2.1.0
20 silly idealTree:prePrune ├── node-forge@0.6.38
20 silly idealTree:prePrune ├─┬ node-gyp@3.2.1
20 silly idealTree:prePrune │ ├─┬ glob@4.5.3
20 silly idealTree:prePrune │ │ └── minimatch@2.0.10
20 silly idealTree:prePrune │ ├── graceful-fs@4.1.2
20 silly idealTree:prePrune │ └── minimatch@1.0.0
20 silly idealTree:prePrune ├── node-uuid@1.4.7
20 silly idealTree:prePrune ├── nopt@3.0.6
20 silly idealTree:prePrune ├── npmlog@1.2.1
20 silly idealTree:prePrune ├── number-is-nan@1.0.0
20 silly idealTree:prePrune ├── oauth-sign@0.8.0
20 silly idealTree:prePrune ├── object-assign@1.0.0
20 silly idealTree:prePrune ├── once@1.3.3
20 silly idealTree:prePrune ├─┬ optimist@0.6.1
20 silly idealTree:prePrune │ ├── minimist@0.0.10
20 silly idealTree:prePrune │ └── wordwrap@0.0.3
20 silly idealTree:prePrune ├─┬ optionator@0.5.0
20 silly idealTree:prePrune │ └── wordwrap@0.0.3
20 silly idealTree:prePrune ├── optjs@3.2.1-boom
20 silly idealTree:prePrune ├── os-homedir@1.0.1
20 silly idealTree:prePrune ├── os-locale@1.4.0
20 silly idealTree:prePrune ├── os-tmpdir@1.0.1
20 silly idealTree:prePrune ├── osenv@0.1.3
20 silly idealTree:prePrune ├── path-array@1.0.0
20 silly idealTree:prePrune ├── path-is-absolute@1.0.0
20 silly idealTree:prePrune ├── prelude-ls@1.1.2
20 silly idealTree:prePrune ├── process-nextick-args@1.0.6
20 silly idealTree:prePrune ├── protobufjs@4.1.3
20 silly idealTree:prePrune ├── qs@4.0.0
20 silly idealTree:prePrune ├── readable-stream@1.1.13
20 silly idealTree:prePrune ├── repeat-string@1.5.2
20 silly idealTree:prePrune ├── repeating@1.1.3
20 silly idealTree:prePrune ├── request@2.60.0
20 silly idealTree:prePrune ├─┬ requizzle@0.2.1
20 silly idealTree:prePrune │ └── underscore@1.6.0
20 silly idealTree:prePrune ├── resolve@1.1.6
20 silly idealTree:prePrune ├── right-align@0.1.3
20 silly idealTree:prePrune ├── rimraf@2.4.4
20 silly idealTree:prePrune ├── semver@5.1.0
20 silly idealTree:prePrune ├── shelljs@0.3.0
20 silly idealTree:prePrune ├── sigmund@1.0.1
20 silly idealTree:prePrune ├── sntp@1.0.9
20 silly idealTree:prePrune ├── source-map@0.2.0
20 silly idealTree:prePrune ├── sprintf-js@1.0.3
20 silly idealTree:prePrune ├── string_decoder@0.10.31
20 silly idealTree:prePrune ├── string-template@0.2.1
20 silly idealTree:prePrune ├── string-width@1.0.1
20 silly idealTree:prePrune ├── stringstream@0.0.5
20 silly idealTree:prePrune ├── strip-ansi@3.0.0
20 silly idealTree:prePrune ├── strip-json-comments@1.0.4
20 silly idealTree:prePrune ├── supports-color@2.0.0
20 silly idealTree:prePrune ├── taffydb@2.6.2
20 silly idealTree:prePrune ├── tar@2.2.1
20 silly idealTree:prePrune ├── tough-cookie@2.2.1
20 silly idealTree:prePrune ├── tunnel-agent@0.4.1
20 silly idealTree:prePrune ├── type-check@0.3.1
20 silly idealTree:prePrune ├── typedarray@0.0.6
20 silly idealTree:prePrune ├─┬ uglify-js@2.6.1
20 silly idealTree:prePrune │ ├── async@0.2.10
20 silly idealTree:prePrune │ ├── camelcase@1.2.1
20 silly idealTree:prePrune │ ├── cliui@2.1.0
20 silly idealTree:prePrune │ ├── source-map@0.5.3
20 silly idealTree:prePrune │ ├── window-size@0.1.0
20 silly idealTree:prePrune │ ├── wordwrap@0.0.2
20 silly idealTree:prePrune │ └── yargs@3.10.0
20 silly idealTree:prePrune ├── uglify-to-browserify@1.0.2
20 silly idealTree:prePrune ├─┬ underscore-contrib@0.3.0
20 silly idealTree:prePrune │ └── underscore@1.6.0
20 silly idealTree:prePrune ├── underscore@1.8.3
20 silly idealTree:prePrune ├── util-deprecate@1.0.2
20 silly idealTree:prePrune ├── which@1.2.0
20 silly idealTree:prePrune ├── window-size@0.1.4
20 silly idealTree:prePrune ├── wordwrap@1.0.0
20 silly idealTree:prePrune ├── wrap-ansi@1.0.0
20 silly idealTree:prePrune ├── wrappy@1.0.1
20 silly idealTree:prePrune ├── wrench@1.5.8
20 silly idealTree:prePrune ├── xtend@4.0.1
20 silly idealTree:prePrune ├── y18n@3.2.0
20 silly idealTree:prePrune └── yargs@3.31.0
21 silly loadIdealTree Finishing
22 silly currentTree grpc@0.12.0
22 silly currentTree ├── abbrev@1.0.7
22 silly currentTree ├── align-text@0.1.3
22 silly currentTree ├── amdefine@1.0.0
22 silly currentTree ├── ansi-regex@2.0.0
22 silly currentTree ├── ansi-styles@2.1.0
22 silly currentTree ├── ansi@0.3.0
22 silly currentTree ├── are-we-there-yet@1.0.5
22 silly currentTree ├── argparse@1.0.3
22 silly currentTree ├── array-index@0.1.1
22 silly currentTree ├── ascli@1.0.0
22 silly currentTree ├── asn1.js@2.2.1
22 silly currentTree ├── asn1@0.1.11
22 silly currentTree ├── assert-plus@0.1.5
22 silly currentTree ├── async@0.9.2
22 silly currentTree ├── aws-sign2@0.5.0
22 silly currentTree ├── balanced-match@0.3.0
22 silly currentTree ├── base64-url@1.2.1
22 silly currentTree ├── base64url@1.0.5
22 silly currentTree ├── bindings@1.2.1
22 silly currentTree ├─┬ bl@1.0.0
22 silly currentTree │ └── readable-stream@2.0.4
22 silly currentTree ├── block-stream@0.0.8
22 silly currentTree ├── bluebird@2.10.2
22 silly currentTree ├── bn.js@2.2.0
22 silly currentTree ├── boom@2.10.1
22 silly currentTree ├── brace-expansion@1.1.2
22 silly currentTree ├── buffer-equal-constant-time@1.0.1
22 silly currentTree ├── bufferview@1.0.1
22 silly currentTree ├── bytebuffer@4.1.0
22 silly currentTree ├─┬ camelcase-keys@1.0.0
22 silly currentTree │ └── camelcase@1.2.1
22 silly currentTree ├── camelcase@2.0.1
22 silly currentTree ├── caseless@0.11.0
22 silly currentTree ├── catharsis@0.8.7
22 silly currentTree ├── center-align@0.1.2
22 silly currentTree ├── chalk@1.1.1
22 silly currentTree ├─┬ cli@0.6.6
22 silly currentTree │ ├── glob@3.2.11
22 silly currentTree │ └── minimatch@0.3.0
22 silly currentTree ├── cliui@3.1.0
22 silly currentTree ├── code-point-at@1.0.0
22 silly currentTree ├── colour@0.7.1
22 silly currentTree ├── combined-stream@1.0.5
22 silly currentTree ├── commander@2.9.0
22 silly currentTree ├── concat-map@0.0.1
22 silly currentTree ├── concat-stream@1.4.10
22 silly currentTree ├── console-browserify@1.1.0
22 silly currentTree ├── core-util-is@1.0.2
22 silly currentTree ├── cryptiles@2.0.5
22 silly currentTree ├── ctype@0.5.3
22 silly currentTree ├── date-now@0.1.4
22 silly currentTree ├── debug@2.0.0
22 silly currentTree ├── decamelize@1.1.1
22 silly currentTree ├── deep-is@0.1.3
22 silly currentTree ├── delayed-stream@1.0.0
22 silly currentTree ├── delegates@0.1.0
22 silly currentTree ├── diff@1.0.8
22 silly currentTree ├─┬ dom-serializer@0.1.0
22 silly currentTree │ ├── domelementtype@1.1.3
22 silly currentTree │ └── entities@1.1.1
22 silly currentTree ├── domelementtype@1.3.0
22 silly currentTree ├── domhandler@2.3.0
22 silly currentTree ├── domutils@1.5.1
22 silly currentTree ├── ecdsa-sig-formatter@1.0.2
22 silly currentTree ├── entities@1.0.0
22 silly currentTree ├── escape-string-regexp@1.0.3
22 silly currentTree ├─┬ escodegen@1.7.1
22 silly currentTree │ └── esprima@1.2.5
22 silly currentTree ├── esprima@2.5.0
22 silly currentTree ├── estraverse@1.9.3
22 silly currentTree ├── esutils@2.0.2
22 silly currentTree ├── exit@0.1.2
22 silly currentTree ├── extend@3.0.0
22 silly currentTree ├── fast-levenshtein@1.0.7
22 silly currentTree ├─┬ fileset@0.2.1
22 silly currentTree │ └── minimatch@2.0.10
22 silly currentTree ├── forever-agent@0.6.1
22 silly currentTree ├─┬ form-data@1.0.0-rc3
22 silly currentTree │ └── async@1.5.0
22 silly currentTree ├─┬ fstream@1.0.8
22 silly currentTree │ └── graceful-fs@4.1.2
22 silly currentTree ├── gauge@1.2.2
22 silly currentTree ├── generate-function@2.0.0
22 silly currentTree ├── generate-object-property@1.2.0
22 silly currentTree ├── get-stdin@4.0.1
22 silly currentTree ├── glob@5.0.15
22 silly currentTree ├─┬ google-auth-library@0.9.7
22 silly currentTree │ └── async@1.4.2
22 silly currentTree ├── google-p12-pem@0.1.0
22 silly currentTree ├── graceful-fs@2.0.3
22 silly currentTree ├── graceful-readlink@1.0.1
22 silly currentTree ├── growl@1.8.1
22 silly currentTree ├── gtoken@1.2.0
22 silly currentTree ├─┬ handlebars@4.0.5
22 silly currentTree │ ├── async@1.5.0
22 silly currentTree │ └── source-map@0.4.4
22 silly currentTree ├── har-validator@1.8.0
22 silly currentTree ├── has-ansi@2.0.0
22 silly currentTree ├── has-flag@1.0.0
22 silly currentTree ├── has-unicode@1.0.1
22 silly currentTree ├── hawk@3.1.2
22 silly currentTree ├── hoek@2.16.3
22 silly currentTree ├── htmlparser2@3.8.3
22 silly currentTree ├── http-signature@0.11.0
22 silly currentTree ├── indent-string@1.2.2
22 silly currentTree ├── inflight@1.0.4
22 silly currentTree ├── inherit@2.2.2
22 silly currentTree ├── inherits@2.0.1
22 silly currentTree ├── invert-kv@1.0.0
22 silly currentTree ├── is-absolute@0.1.7
22 silly currentTree ├── is-buffer@1.1.0
22 silly currentTree ├── is-finite@1.0.1
22 silly currentTree ├── is-fullwidth-code-point@1.0.0
22 silly currentTree ├── is-my-json-valid@2.12.3
22 silly currentTree ├── is-property@1.0.2
22 silly currentTree ├── is-relative@0.1.3
22 silly currentTree ├── isarray@0.0.1
22 silly currentTree ├── isstream@0.1.2
22 silly currentTree ├─┬ istanbul@0.3.22
22 silly currentTree │ ├── async@1.5.0
22 silly currentTree │ └── supports-color@3.1.2
22 silly currentTree ├─┬ jade@0.26.3
22 silly currentTree │ ├── commander@0.6.1
22 silly currentTree │ └── mkdirp@0.3.0
22 silly currentTree ├─┬ js-yaml@3.4.6
22 silly currentTree │ └── esprima@2.7.0
22 silly currentTree ├── js2xmlparser@1.0.0
22 silly currentTree ├─┬ jsdoc@3.4.0
22 silly currentTree │ ├── async@1.4.2
22 silly currentTree │ ├── bluebird@2.9.34
22 silly currentTree │ └── espree@2.2.5
22 silly currentTree ├─┬ jshint@2.8.0
22 silly currentTree │ ├── lodash@3.7.0
22 silly currentTree │ └── minimatch@2.0.10
22 silly currentTree ├── json-stringify-safe@5.0.1
22 silly currentTree ├── jsonpointer@2.0.0
22 silly currentTree ├─┬ jwa@1.0.2
22 silly currentTree │ └── base64url@0.0.6
22 silly currentTree ├── jws@3.0.0
22 silly currentTree ├── kind-of@2.0.1
22 silly currentTree ├── lazy-cache@0.2.4
22 silly currentTree ├── lcid@1.0.0
22 silly currentTree ├── levn@0.2.5
22 silly currentTree ├── lodash._basetostring@3.0.1
22 silly currentTree ├── lodash._createpadding@3.6.1
22 silly currentTree ├── lodash.noop@3.0.0
22 silly currentTree ├── lodash.pad@3.1.1
22 silly currentTree ├── lodash.padleft@3.1.1
22 silly currentTree ├── lodash.padright@3.1.1
22 silly currentTree ├── lodash.repeat@3.0.1
22 silly currentTree ├── lodash@3.10.1
22 silly currentTree ├── long@2.4.0
22 silly currentTree ├── longest@1.0.1
22 silly currentTree ├── lru-cache@2.7.3
22 silly currentTree ├── map-obj@1.0.1
22 silly currentTree ├── marked@0.3.5
22 silly currentTree ├── meow@2.0.0
22 silly currentTree ├── mime-db@1.20.0
22 silly currentTree ├── mime-types@2.1.8
22 silly currentTree ├── mime@1.3.4
22 silly currentTree ├── minimalistic-assert@1.0.0
22 silly currentTree ├── minimatch@3.0.0
22 silly currentTree ├── minimist@1.2.0
22 silly currentTree ├─┬ mkdirp@0.5.1
22 silly currentTree │ └── minimist@0.0.8
22 silly currentTree ├─┬ mocha-jenkins-reporter@0.1.9
22 silly currentTree │ ├── commander@2.3.0
22 silly currentTree │ ├── debug@2.2.0
22 silly currentTree │ ├── diff@1.0.7
22 silly currentTree │ ├── escape-string-regexp@1.0.2
22 silly currentTree │ ├── glob@3.2.3
22 silly currentTree │ ├── minimatch@0.2.14
22 silly currentTree │ ├── minimist@0.0.8
22 silly currentTree │ ├── mkdirp@0.5.0
22 silly currentTree │ ├─┬ mocha@2.3.4
22 silly currentTree │ │ └── diff@1.4.0
22 silly currentTree │ ├── ms@0.7.1
22 silly currentTree │ └── supports-color@1.2.0
22 silly currentTree ├─┬ mocha@1.21.5
22 silly currentTree │ ├── commander@2.3.0
22 silly currentTree │ ├── escape-string-regexp@1.0.2
22 silly currentTree │ ├── glob@3.2.3
22 silly currentTree │ ├── minimatch@0.2.14
22 silly currentTree │ ├── minimist@0.0.8
22 silly currentTree │ └── mkdirp@0.5.0
22 silly currentTree ├── ms@0.6.2
22 silly currentTree ├── mustache@2.2.0
22 silly currentTree ├── nan@2.1.0
22 silly currentTree ├── node-forge@0.6.38
22 silly currentTree ├─┬ node-gyp@3.2.1
22 silly currentTree │ ├─┬ glob@4.5.3
22 silly currentTree │ │ └── minimatch@2.0.10
22 silly currentTree │ ├── graceful-fs@4.1.2
22 silly currentTree │ └── minimatch@1.0.0
22 silly currentTree ├── node-uuid@1.4.7
22 silly currentTree ├── nopt@3.0.6
22 silly currentTree ├── npmlog@1.2.1
22 silly currentTree ├── number-is-nan@1.0.0
22 silly currentTree ├── oauth-sign@0.8.0
22 silly currentTree ├── object-assign@1.0.0
22 silly currentTree ├── once@1.3.3
22 silly currentTree ├─┬ optimist@0.6.1
22 silly currentTree │ ├── minimist@0.0.10
22 silly currentTree │ └── wordwrap@0.0.3
22 silly currentTree ├─┬ optionator@0.5.0
22 silly currentTree │ └── wordwrap@0.0.3
22 silly currentTree ├── optjs@3.2.1-boom
22 silly currentTree ├── os-homedir@1.0.1
22 silly currentTree ├── os-locale@1.4.0
22 silly currentTree ├── os-tmpdir@1.0.1
22 silly currentTree ├── osenv@0.1.3
22 silly currentTree ├── path-array@1.0.0
22 silly currentTree ├── path-is-absolute@1.0.0
22 silly currentTree ├── prelude-ls@1.1.2
22 silly currentTree ├── process-nextick-args@1.0.6
22 silly currentTree ├── protobufjs@4.1.3
22 silly currentTree ├── qs@4.0.0
22 silly currentTree ├── readable-stream@1.1.13
22 silly currentTree ├── repeat-string@1.5.2
22 silly currentTree ├── repeating@1.1.3
22 silly currentTree ├── request@2.60.0
22 silly currentTree ├─┬ requizzle@0.2.1
22 silly currentTree │ └── underscore@1.6.0
22 silly currentTree ├── resolve@1.1.6
22 silly currentTree ├── right-align@0.1.3
22 silly currentTree ├── rimraf@2.4.4
22 silly currentTree ├── semver@5.1.0
22 silly currentTree ├── shelljs@0.3.0
22 silly currentTree ├── sigmund@1.0.1
22 silly currentTree ├── sntp@1.0.9
22 silly currentTree ├── source-map@0.2.0
22 silly currentTree ├── sprintf-js@1.0.3
22 silly currentTree ├── string_decoder@0.10.31
22 silly currentTree ├── string-template@0.2.1
22 silly currentTree ├── string-width@1.0.1
22 silly currentTree ├── stringstream@0.0.5
22 silly currentTree ├── strip-ansi@3.0.0
22 silly currentTree ├── strip-json-comments@1.0.4
22 silly currentTree ├── supports-color@2.0.0
22 silly currentTree ├── taffydb@2.6.2
22 silly currentTree ├── tar@2.2.1
22 silly currentTree ├── tough-cookie@2.2.1
22 silly currentTree ├── tunnel-agent@0.4.1
22 silly currentTree ├── type-check@0.3.1
22 silly currentTree ├── typedarray@0.0.6
22 silly currentTree ├─┬ uglify-js@2.6.1
22 silly currentTree │ ├── async@0.2.10
22 silly currentTree │ ├── camelcase@1.2.1
22 silly currentTree │ ├── cliui@2.1.0
22 silly currentTree │ ├── source-map@0.5.3
22 silly currentTree │ ├── window-size@0.1.0
22 silly currentTree │ ├── wordwrap@0.0.2
22 silly currentTree │ └── yargs@3.10.0
22 silly currentTree ├── uglify-to-browserify@1.0.2
22 silly currentTree ├─┬ underscore-contrib@0.3.0
22 silly currentTree │ └── underscore@1.6.0
22 silly currentTree ├── underscore@1.8.3
22 silly currentTree ├── util-deprecate@1.0.2
22 silly currentTree ├── which@1.2.0
22 silly currentTree ├── window-size@0.1.4
22 silly currentTree ├── wordwrap@1.0.0
22 silly currentTree ├── wrap-ansi@1.0.0
22 silly currentTree ├── wrappy@1.0.1
22 silly currentTree ├── wrench@1.5.8
22 silly currentTree ├── xtend@4.0.1
22 silly currentTree ├── y18n@3.2.0
22 silly currentTree └── yargs@3.31.0
23 silly idealTree grpc@0.12.0
23 silly idealTree ├── abbrev@1.0.7
23 silly idealTree ├── align-text@0.1.3
23 silly idealTree ├── amdefine@1.0.0
23 silly idealTree ├── ansi-regex@2.0.0
23 silly idealTree ├── ansi-styles@2.1.0
23 silly idealTree ├── ansi@0.3.0
23 silly idealTree ├── are-we-there-yet@1.0.5
23 silly idealTree ├── argparse@1.0.3
23 silly idealTree ├── array-index@0.1.1
23 silly idealTree ├── ascli@1.0.0
23 silly idealTree ├── asn1.js@2.2.1
23 silly idealTree ├── asn1@0.1.11
23 silly idealTree ├── assert-plus@0.1.5
23 silly idealTree ├── async@0.9.2
23 silly idealTree ├── aws-sign2@0.5.0
23 silly idealTree ├── balanced-match@0.3.0
23 silly idealTree ├── base64-url@1.2.1
23 silly idealTree ├── base64url@1.0.5
23 silly idealTree ├── bindings@1.2.1
23 silly idealTree ├─┬ bl@1.0.0
23 silly idealTree │ └── readable-stream@2.0.4
23 silly idealTree ├── block-stream@0.0.8
23 silly idealTree ├── bluebird@2.10.2
23 silly idealTree ├── bn.js@2.2.0
23 silly idealTree ├── boom@2.10.1
23 silly idealTree ├── brace-expansion@1.1.2
23 silly idealTree ├── buffer-equal-constant-time@1.0.1
23 silly idealTree ├── bufferview@1.0.1
23 silly idealTree ├── bytebuffer@4.1.0
23 silly idealTree ├─┬ camelcase-keys@1.0.0
23 silly idealTree │ └── camelcase@1.2.1
23 silly idealTree ├── camelcase@2.0.1
23 silly idealTree ├── caseless@0.11.0
23 silly idealTree ├── catharsis@0.8.7
23 silly idealTree ├── center-align@0.1.2
23 silly idealTree ├── chalk@1.1.1
23 silly idealTree ├─┬ cli@0.6.6
23 silly idealTree │ ├── glob@3.2.11
23 silly idealTree │ └── minimatch@0.3.0
23 silly idealTree ├── cliui@3.1.0
23 silly idealTree ├── code-point-at@1.0.0
23 silly idealTree ├── colour@0.7.1
23 silly idealTree ├── combined-stream@1.0.5
23 silly idealTree ├── commander@2.9.0
23 silly idealTree ├── concat-map@0.0.1
23 silly idealTree ├── concat-stream@1.4.10
23 silly idealTree ├── console-browserify@1.1.0
23 silly idealTree ├── core-util-is@1.0.2
23 silly idealTree ├── cryptiles@2.0.5
23 silly idealTree ├── ctype@0.5.3
23 silly idealTree ├── date-now@0.1.4
23 silly idealTree ├── debug@2.0.0
23 silly idealTree ├── decamelize@1.1.1
23 silly idealTree ├── deep-is@0.1.3
23 silly idealTree ├── delayed-stream@1.0.0
23 silly idealTree ├── delegates@0.1.0
23 silly idealTree ├── diff@1.0.8
23 silly idealTree ├─┬ dom-serializer@0.1.0
23 silly idealTree │ ├── domelementtype@1.1.3
23 silly idealTree │ └── entities@1.1.1
23 silly idealTree ├── domelementtype@1.3.0
23 silly idealTree ├── domhandler@2.3.0
23 silly idealTree ├── domutils@1.5.1
23 silly idealTree ├── ecdsa-sig-formatter@1.0.2
23 silly idealTree ├── entities@1.0.0
23 silly idealTree ├── escape-string-regexp@1.0.3
23 silly idealTree ├─┬ escodegen@1.7.1
23 silly idealTree │ └── esprima@1.2.5
23 silly idealTree ├── esprima@2.5.0
23 silly idealTree ├── estraverse@1.9.3
23 silly idealTree ├── esutils@2.0.2
23 silly idealTree ├── exit@0.1.2
23 silly idealTree ├── extend@3.0.0
23 silly idealTree ├── fast-levenshtein@1.0.7
23 silly idealTree ├─┬ fileset@0.2.1
23 silly idealTree │ └── minimatch@2.0.10
23 silly idealTree ├── forever-agent@0.6.1
23 silly idealTree ├─┬ form-data@1.0.0-rc3
23 silly idealTree │ └── async@1.5.0
23 silly idealTree ├─┬ fstream@1.0.8
23 silly idealTree │ └── graceful-fs@4.1.2
23 silly idealTree ├── gauge@1.2.2
23 silly idealTree ├── generate-function@2.0.0
23 silly idealTree ├── generate-object-property@1.2.0
23 silly idealTree ├── get-stdin@4.0.1
23 silly idealTree ├── glob@5.0.15
23 silly idealTree ├─┬ google-auth-library@0.9.7
23 silly idealTree │ └── async@1.4.2
23 silly idealTree ├── google-p12-pem@0.1.0
23 silly idealTree ├── graceful-fs@2.0.3
23 silly idealTree ├── graceful-readlink@1.0.1
23 silly idealTree ├── growl@1.8.1
23 silly idealTree ├── gtoken@1.2.0
23 silly idealTree ├─┬ handlebars@4.0.5
23 silly idealTree │ ├── async@1.5.0
23 silly idealTree │ └── source-map@0.4.4
23 silly idealTree ├── har-validator@1.8.0
23 silly idealTree ├── has-ansi@2.0.0
23 silly idealTree ├── has-flag@1.0.0
23 silly idealTree ├── has-unicode@1.0.1
23 silly idealTree ├── hawk@3.1.2
23 silly idealTree ├── hoek@2.16.3
23 silly idealTree ├── htmlparser2@3.8.3
23 silly idealTree ├── http-signature@0.11.0
23 silly idealTree ├── indent-string@1.2.2
23 silly idealTree ├── inflight@1.0.4
23 silly idealTree ├── inherit@2.2.2
23 silly idealTree ├── inherits@2.0.1
23 silly idealTree ├── invert-kv@1.0.0
23 silly idealTree ├── is-absolute@0.1.7
23 silly idealTree ├── is-buffer@1.1.0
23 silly idealTree ├── is-finite@1.0.1
23 silly idealTree ├── is-fullwidth-code-point@1.0.0
23 silly idealTree ├── is-my-json-valid@2.12.3
23 silly idealTree ├── is-property@1.0.2
23 silly idealTree ├── is-relative@0.1.3
23 silly idealTree ├── isarray@0.0.1
23 silly idealTree ├── isstream@0.1.2
23 silly idealTree ├─┬ istanbul@0.3.22
23 silly idealTree │ ├── async@1.5.0
23 silly idealTree │ └── supports-color@3.1.2
23 silly idealTree ├─┬ jade@0.26.3
23 silly idealTree │ ├── commander@0.6.1
23 silly idealTree │ └── mkdirp@0.3.0
23 silly idealTree ├─┬ js-yaml@3.4.6
23 silly idealTree │ └── esprima@2.7.0
23 silly idealTree ├── js2xmlparser@1.0.0
23 silly idealTree ├─┬ jsdoc@3.4.0
23 silly idealTree │ ├── async@1.4.2
23 silly idealTree │ ├── bluebird@2.9.34
23 silly idealTree │ └── espree@2.2.5
23 silly idealTree ├─┬ jshint@2.8.0
23 silly idealTree │ ├── lodash@3.7.0
23 silly idealTree │ └── minimatch@2.0.10
23 silly idealTree ├── json-stringify-safe@5.0.1
23 silly idealTree ├── jsonpointer@2.0.0
23 silly idealTree ├─┬ jwa@1.0.2
23 silly idealTree │ └── base64url@0.0.6
23 silly idealTree ├── jws@3.0.0
23 silly idealTree ├── kind-of@2.0.1
23 silly idealTree ├── lazy-cache@0.2.4
23 silly idealTree ├── lcid@1.0.0
23 silly idealTree ├── levn@0.2.5
23 silly idealTree ├── lodash._basetostring@3.0.1
23 silly idealTree ├── lodash._createpadding@3.6.1
23 silly idealTree ├── lodash.noop@3.0.0
23 silly idealTree ├── lodash.pad@3.1.1
23 silly idealTree ├── lodash.padleft@3.1.1
23 silly idealTree ├── lodash.padright@3.1.1
23 silly idealTree ├── lodash.repeat@3.0.1
23 silly idealTree ├── lodash@3.10.1
23 silly idealTree ├── long@2.4.0
23 silly idealTree ├── longest@1.0.1
23 silly idealTree ├── lru-cache@2.7.3
23 silly idealTree ├── map-obj@1.0.1
23 silly idealTree ├── marked@0.3.5
23 silly idealTree ├── meow@2.0.0
23 silly idealTree ├── mime-db@1.20.0
23 silly idealTree ├── mime-types@2.1.8
23 silly idealTree ├── mime@1.3.4
23 silly idealTree ├── minimalistic-assert@1.0.0
23 silly idealTree ├── minimatch@3.0.0
23 silly idealTree ├── minimist@1.2.0
23 silly idealTree ├─┬ mkdirp@0.5.1
23 silly idealTree │ └── minimist@0.0.8
23 silly idealTree ├─┬ mocha-jenkins-reporter@0.1.9
23 silly idealTree │ ├── commander@2.3.0
23 silly idealTree │ ├── debug@2.2.0
23 silly idealTree │ ├── diff@1.0.7
23 silly idealTree │ ├── escape-string-regexp@1.0.2
23 silly idealTree │ ├── glob@3.2.3
23 silly idealTree │ ├── minimatch@0.2.14
23 silly idealTree │ ├── minimist@0.0.8
23 silly idealTree │ ├── mkdirp@0.5.0
23 silly idealTree │ ├─┬ mocha@2.3.4
23 silly idealTree │ │ └── diff@1.4.0
23 silly idealTree │ ├── ms@0.7.1
23 silly idealTree │ └── supports-color@1.2.0
23 silly idealTree ├─┬ mocha@1.21.5
23 silly idealTree │ ├── commander@2.3.0
23 silly idealTree │ ├── escape-string-regexp@1.0.2
23 silly idealTree │ ├── glob@3.2.3
23 silly idealTree │ ├── minimatch@0.2.14
23 silly idealTree │ ├── minimist@0.0.8
23 silly idealTree │ └── mkdirp@0.5.0
23 silly idealTree ├── ms@0.6.2
23 silly idealTree ├── mustache@2.2.0
23 silly idealTree ├── nan@2.1.0
23 silly idealTree ├── node-forge@0.6.38
23 silly idealTree ├─┬ node-gyp@3.2.1
23 silly idealTree │ ├─┬ glob@4.5.3
23 silly idealTree │ │ └── minimatch@2.0.10
23 silly idealTree │ ├── graceful-fs@4.1.2
23 silly idealTree │ └── minimatch@1.0.0
23 silly idealTree ├── node-uuid@1.4.7
23 silly idealTree ├── nopt@3.0.6
23 silly idealTree ├── npmlog@1.2.1
23 silly idealTree ├── number-is-nan@1.0.0
23 silly idealTree ├── oauth-sign@0.8.0
23 silly idealTree ├── object-assign@1.0.0
23 silly idealTree ├── once@1.3.3
23 silly idealTree ├─┬ optimist@0.6.1
23 silly idealTree │ ├── minimist@0.0.10
23 silly idealTree │ └── wordwrap@0.0.3
23 silly idealTree ├─┬ optionator@0.5.0
23 silly idealTree │ └── wordwrap@0.0.3
23 silly idealTree ├── optjs@3.2.1-boom
23 silly idealTree ├── os-homedir@1.0.1
23 silly idealTree ├── os-locale@1.4.0
23 silly idealTree ├── os-tmpdir@1.0.1
23 silly idealTree ├── osenv@0.1.3
23 silly idealTree ├── path-array@1.0.0
23 silly idealTree ├── path-is-absolute@1.0.0
23 silly idealTree ├── prelude-ls@1.1.2
23 silly idealTree ├── process-nextick-args@1.0.6
23 silly idealTree ├── protobufjs@4.1.3
23 silly idealTree ├── qs@4.0.0
23 silly idealTree ├── readable-stream@1.1.13
23 silly idealTree ├── repeat-string@1.5.2
23 silly idealTree ├── repeating@1.1.3
23 silly idealTree ├── request@2.60.0
23 silly idealTree ├─┬ requizzle@0.2.1
23 silly idealTree │ └── underscore@1.6.0
23 silly idealTree ├── resolve@1.1.6
23 silly idealTree ├── right-align@0.1.3
23 silly idealTree ├── rimraf@2.4.4
23 silly idealTree ├── semver@5.1.0
23 silly idealTree ├── shelljs@0.3.0
23 silly idealTree ├── sigmund@1.0.1
23 silly idealTree ├── sntp@1.0.9
23 silly idealTree ├── source-map@0.2.0
23 silly idealTree ├── sprintf-js@1.0.3
23 silly idealTree ├── string_decoder@0.10.31
23 silly idealTree ├── string-template@0.2.1
23 silly idealTree ├── string-width@1.0.1
23 silly idealTree ├── stringstream@0.0.5
23 silly idealTree ├── strip-ansi@3.0.0
23 silly idealTree ├── strip-json-comments@1.0.4
23 silly idealTree ├── supports-color@2.0.0
23 silly idealTree ├── taffydb@2.6.2
23 silly idealTree ├── tar@2.2.1
23 silly idealTree ├── tough-cookie@2.2.1
23 silly idealTree ├── tunnel-agent@0.4.1
23 silly idealTree ├── type-check@0.3.1
23 silly idealTree ├── typedarray@0.0.6
23 silly idealTree ├─┬ uglify-js@2.6.1
23 silly idealTree │ ├── async@0.2.10
23 silly idealTree │ ├── camelcase@1.2.1
23 silly idealTree │ ├── cliui@2.1.0
23 silly idealTree │ ├── source-map@0.5.3
23 silly idealTree │ ├── window-size@0.1.0
23 silly idealTree │ ├── wordwrap@0.0.2
23 silly idealTree │ └── yargs@3.10.0
23 silly idealTree ├── uglify-to-browserify@1.0.2
23 silly idealTree ├─┬ underscore-contrib@0.3.0
23 silly idealTree │ └── underscore@1.6.0
23 silly idealTree ├── underscore@1.8.3
23 silly idealTree ├── util-deprecate@1.0.2
23 silly idealTree ├── which@1.2.0
23 silly idealTree ├── window-size@0.1.4
23 silly idealTree ├── wordwrap@1.0.0
23 silly idealTree ├── wrap-ansi@1.0.0
23 silly idealTree ├── wrappy@1.0.1
23 silly idealTree ├── wrench@1.5.8
23 silly idealTree ├── xtend@4.0.1
23 silly idealTree ├── y18n@3.2.0
23 silly idealTree └── yargs@3.31.0
24 silly generateActionsToTake Starting
25 silly install generateActionsToTake
26 silly generateActionsToTake Finishing
27 silly diffTrees action count 0
28 silly decomposeActions action count 0
29 silly executeActions Starting
30 silly install executeActions
31 silly doSerial global-install 0
32 silly doParallel fetch 0
33 verbose lock using C:\Users\Administrator\AppData\Roaming\npm-cache\_locks\staging-a4238293c64f8e3a.lock for C:\work\projects\pine\vogue\grpc\node_modules\.staging
34 silly doParallel extract 0
35 silly doParallel preinstall 0
36 silly doReverseSerial remove 0
37 silly doSerial move 0
38 silly doSerial finalize 0
39 silly doSerial build 0
40 silly doSerial global-link 0
41 silly doParallel update-linked 0
42 silly doSerial install 0
43 silly doSerial postinstall 0
44 verbose unlock done using C:\Users\Administrator\AppData\Roaming\npm-cache\_locks\staging-a4238293c64f8e3a.lock for C:\work\projects\pine\vogue\grpc\node_modules\.staging
45 silly executeActions Finishing
46 silly rollbackFailedOptional Starting
47 silly rollbackFailedOptional Finishing
48 silly runTopLevelLifecycles Starting
49 silly install runTopLevelLifecycles
50 silly preinstall grpc@0.12.0 C:\work\projects\pine\vogue\grpc\grpc-1a9c4f156875703b73b171b96020f181
51 info lifecycle grpc@0.12.0~preinstall: grpc@0.12.0
52 silly lifecycle grpc@0.12.0~preinstall: no script for preinstall, continuing
53 silly build grpc@0.12.0
54 info linkStuff grpc@0.12.0
55 silly linkStuff grpc@0.12.0 has C:\work\projects\pine\vogue as its parent node_modules
56 verbose linkBins grpc@0.12.0
57 verbose linkMans grpc@0.12.0
58 silly install grpc@0.12.0 C:\work\projects\pine\vogue\grpc\grpc-1a9c4f156875703b73b171b96020f181
59 info lifecycle grpc@0.12.0~install: grpc@0.12.0
60 verbose lifecycle grpc@0.12.0~install: unsafe-perm in lifecycle true
61 verbose lifecycle grpc@0.12.0~install: PATH: D:\nodejs\node_modules\npm\bin\node-gyp-bin;C:\work\projects\pine\vogue\grpc\node_modules\.bin;D:\cmder_mini\vendor\conemu-maximus5;D:\cmder_mini\vendor\conemu-maximus5\ConEmu;C:\Program Files (x86)\GnuWin32\bin;C:\Program Files (x86)\RBTools\bin;D:\CollabNet\Subversion Client;C:\Windows\system32;C:\Windows;C:\Windows\System32\Wbem;C:\Windows\System32\WindowsPowerShell\v1.0\;D:\Java\jdk1.8.0_51\bin;D:\apache-maven-3.3.3\bin;D:\Python27;D:\Git\bin;C:\ProgramData\chocolatey\bin;D:\AStyle\bin;D:\SlikSvn\bin;D:\scala\bin;D:\Kivy-1.9.0-py2.7-win32-x86;D:\MultiMarkdown 4.7.1\bin;D:\MariaDB 10.0\bin;D:\Brackets\command;D:\gradle-2.7\bin;D:\cmder_mini;D:\nodejs\;C:\Program Files\Microsoft SQL Server\110\Tools\Binn\;C:\Program Files (x86)\Microsoft SDKs\TypeScript\1.0\;C:\Program Files (x86)\MSBuild\12.0\Bin;C:\Users\Administrator\AppData\Local\Pandoc\;C:\Users\Administrator\AppData\Roaming\npm
62 verbose lifecycle grpc@0.12.0~install: CWD: C:\work\projects\pine\vogue\grpc
63 silly lifecycle grpc@0.12.0~install: Args: [ '/d /s /c', 'node-gyp rebuild' ]
64 silly lifecycle grpc@0.12.0~install: Returned: code: 1  signal: null
65 info lifecycle grpc@0.12.0~install: Failed to exec install script
66 verbose stack Error: grpc@0.12.0 install: `node-gyp rebuild`
66 verbose stack Exit status 1
66 verbose stack     at EventEmitter.<anonymous> (D:\nodejs\node_modules\npm\lib\utils\lifecycle.js:232:16)
66 verbose stack     at emitTwo (events.js:87:13)
66 verbose stack     at EventEmitter.emit (events.js:172:7)
66 verbose stack     at ChildProcess.<anonymous> (D:\nodejs\node_modules\npm\lib\utils\spawn.js:24:14)
66 verbose stack     at emitTwo (events.js:87:13)
66 verbose stack     at ChildProcess.emit (events.js:172:7)
66 verbose stack     at maybeClose (internal/child_process.js:818:16)
66 verbose stack     at Process.ChildProcess._handle.onexit (internal/child_process.js:211:5)
67 verbose pkgid grpc@0.12.0
68 verbose cwd C:\work\projects\pine\vogue\grpc\src\node
69 error Windows_NT 6.1.7601
70 error argv "D:\\nodejs\\node.exe" "D:\\nodejs\\node_modules\\npm\\bin\\npm-cli.js" "install"
71 error node v5.1.1
72 error npm  v3.3.12
73 error code ELIFECYCLE
74 error grpc@0.12.0 install: `node-gyp rebuild`
74 error Exit status 1
75 error Failed at the grpc@0.12.0 install script 'node-gyp rebuild'.
75 error Make sure you have the latest version of node.js and npm installed.
75 error If you do, this is most likely a problem with the grpc package,
75 error not with npm itself.
75 error Tell the author that this fails on your system:
75 error     node-gyp rebuild
75 error You can get their info via:
75 error     npm owner ls grpc
75 error There is likely additional logging output above.
76 verbose exit [ 1, true ]
